TN:
SF:/Users/fviane/projects/tw/library/library-ui/node_modules/karma-jasmine/lib/jasmine.js
FN:13,(anonymous_1)
FN:54,(anonymous_2)
FN:55,getGlobal
FN:70,(anonymous_4)
FN:73,(anonymous_5)
FN:87,(anonymous_6)
FN:93,(anonymous_7)
FN:106,(anonymous_8)
FN:118,(anonymous_9)
FN:122,(anonymous_10)
FN:129,(anonymous_11)
FN:140,(anonymous_12)
FN:150,(anonymous_13)
FN:160,(anonymous_14)
FN:171,(anonymous_15)
FN:181,(anonymous_16)
FN:193,(anonymous_17)
FN:207,(anonymous_18)
FN:222,(anonymous_19)
FN:270,(anonymous_20)
FN:282,(anonymous_21)
FN:318,(anonymous_22)
FN:335,(anonymous_23)
FN:336,(anonymous_24)
FN:354,(anonymous_25)
FN:355,(anonymous_26)
FN:376,(anonymous_27)
FN:395,(anonymous_28)
FN:403,(anonymous_29)
FN:405,(anonymous_30)
FN:433,(anonymous_31)
FN:444,(anonymous_32)
FN:460,(anonymous_33)
FN:480,(anonymous_34)
FN:498,(anonymous_35)
FN:524,(anonymous_36)
FN:537,(anonymous_37)
FN:551,(anonymous_38)
FN:561,(anonymous_39)
FN:572,(anonymous_40)
FN:584,(anonymous_41)
FN:596,(anonymous_42)
FN:608,(anonymous_43)
FN:628,(anonymous_44)
FN:659,(anonymous_45)
FN:670,(anonymous_46)
FN:677,(anonymous_47)
FN:678,tryIt
FN:686,(anonymous_49)
FN:689,(anonymous_50)
FN:692,(anonymous_51)
FN:695,(anonymous_52)
FN:715,(anonymous_53)
FN:719,(anonymous_54)
FN:725,(anonymous_55)
FN:752,(anonymous_56)
FN:759,(anonymous_57)
FN:765,(anonymous_58)
FN:775,(anonymous_59)
FN:785,(anonymous_60)
FN:799,(anonymous_61)
FN:816,(anonymous_62)
FN:827,(anonymous_63)
FN:844,(anonymous_64)
FN:851,(anonymous_65)
FN:859,(anonymous_66)
FN:863,(anonymous_67)
FN:867,(anonymous_68)
FN:872,(anonymous_69)
FN:890,(anonymous_70)
FN:900,(anonymous_71)
FN:908,(anonymous_72)
FN:916,(anonymous_73)
FN:920,(anonymous_74)
FN:929,(anonymous_75)
FN:931,(anonymous_76)
FN:936,(anonymous_77)
FN:948,(anonymous_78)
FN:956,(anonymous_79)
FN:959,(anonymous_80)
FN:964,(anonymous_81)
FN:983,(anonymous_82)
FN:991,(anonymous_83)
FN:1021,(anonymous_84)
FN:1081,(anonymous_85)
FN:1091,(anonymous_86)
FN:1098,(anonymous_87)
FN:1102,(anonymous_88)
FN:1106,(anonymous_89)
FN:1110,(anonymous_90)
FN:1114,(anonymous_91)
FN:1118,(anonymous_92)
FN:1122,(anonymous_93)
FN:1133,(anonymous_94)
FN:1139,(anonymous_95)
FN:1156,(anonymous_96)
FN:1163,(anonymous_97)
FN:1172,(anonymous_98)
FN:1176,(anonymous_99)
FN:1194,(anonymous_100)
FN:1198,(anonymous_101)
FN:1203,(anonymous_102)
FN:1208,(anonymous_103)
FN:1212,(anonymous_104)
FN:1220,(anonymous_105)
FN:1223,(anonymous_106)
FN:1232,(anonymous_107)
FN:1260,(anonymous_108)
FN:1269,(anonymous_109)
FN:1274,(anonymous_110)
FN:1278,(anonymous_111)
FN:1286,(anonymous_112)
FN:1287,(anonymous_113)
FN:1305,(anonymous_114)
FN:1335,(anonymous_115)
FN:1344,(anonymous_116)
FN:1353,(anonymous_117)
FN:1362,(anonymous_118)
FN:1372,(anonymous_119)
FN:1381,(anonymous_120)
FN:1388,(anonymous_121)
FN:1395,(anonymous_122)
FN:1402,(anonymous_123)
FN:1409,(anonymous_124)
FN:1410,(anonymous_125)
FN:1420,(anonymous_126)
FN:1428,(anonymous_127)
FN:1436,(anonymous_128)
FN:1445,(anonymous_129)
FN:1463,(anonymous_130)
FN:1472,(anonymous_131)
FN:1488,(anonymous_132)
FN:1493,(anonymous_133)
FN:1511,(anonymous_134)
FN:1517,(anonymous_135)
FN:1532,(anonymous_136)
FN:1542,(anonymous_137)
FN:1546,(anonymous_138)
FN:1550,(anonymous_139)
FN:1561,(anonymous_140)
FN:1573,(anonymous_141)
FN:1590,(anonymous_142)
FN:1601,(anonymous_143)
FN:1605,(anonymous_144)
FN:1625,(anonymous_145)
FN:1629,(anonymous_146)
FN:1633,(anonymous_147)
FN:1639,(anonymous_148)
FN:1655,(anonymous_149)
FN:1661,(anonymous_150)
FN:1665,(anonymous_151)
FN:1671,(anonymous_152)
FN:1677,(anonymous_153)
FN:1681,(anonymous_154)
FN:1687,(anonymous_155)
FN:1693,(anonymous_156)
FN:1700,(anonymous_157)
FN:1714,(anonymous_158)
FN:1735,(anonymous_159)
FN:1751,(anonymous_160)
FN:1756,(anonymous_161)
FN:1761,(anonymous_162)
FN:1765,(anonymous_163)
FN:1769,(anonymous_164)
FN:1778,(anonymous_165)
FN:1782,(anonymous_166)
FN:1794,(anonymous_167)
FN:1800,(anonymous_168)
FN:1809,(anonymous_169)
FN:1817,(anonymous_170)
FN:1825,(anonymous_171)
FN:1833,(anonymous_172)
FN:1844,(anonymous_173)
FN:1849,(anonymous_174)
FN:1853,(anonymous_175)
FN:1864,(anonymous_176)
FN:1865,(anonymous_177)
FN:1881,(anonymous_178)
FN:1909,(anonymous_179)
FN:1919,(anonymous_180)
FN:1926,(anonymous_181)
FN:1934,(anonymous_182)
FN:1953,(anonymous_183)
FN:1959,(anonymous_184)
FN:1968,(anonymous_185)
FN:2009,(anonymous_186)
FN:2023,(anonymous_187)
FN:2030,(anonymous_188)
FN:2034,(anonymous_189)
FN:2038,(anonymous_190)
FN:2054,(anonymous_191)
FN:2064,(anonymous_192)
FN:2083,(anonymous_193)
FN:2086,(anonymous_194)
FN:2099,(anonymous_195)
FN:2108,(anonymous_196)
FN:2117,(anonymous_197)
FN:2127,(anonymous_198)
FN:2133,(anonymous_199)
FN:2139,(anonymous_200)
FN:2150,(anonymous_201)
FN:2166,(anonymous_202)
FN:2193,(anonymous_203)
FN:2210,(anonymous_204)
FN:2219,(anonymous_205)
FN:2224,(anonymous_206)
FN:2229,(anonymous_207)
FN:2234,(anonymous_208)
FN:2240,(anonymous_209)
FN:2244,(anonymous_210)
FN:2248,(anonymous_211)
FN:2255,(anonymous_212)
FN:2264,(anonymous_213)
FN:2268,(anonymous_214)
FN:2278,(anonymous_215)
FN:2289,(anonymous_216)
FN:2312,(anonymous_217)
FN:2317,(anonymous_218)
FN:2326,(anonymous_219)
FN:2330,(anonymous_220)
FN:2336,(anonymous_221)
FN:2347,(anonymous_222)
FN:2351,(anonymous_223)
FN:2363,(anonymous_224)
FN:2376,(anonymous_225)
FN:2401,(anonymous_226)
FN:2410,(anonymous_227)
FN:2414,(anonymous_228)
FN:2416,(anonymous_229)
FN:2424,(anonymous_230)
FN:2428,(anonymous_231)
FN:2436,(anonymous_232)
FN:2444,(anonymous_233)
FN:2458,(anonymous_234)
FN:2463,(anonymous_235)
FN:2488,(anonymous_236)
FN:2492,(anonymous_237)
FN:2517,(anonymous_238)
FN:2534,(anonymous_239)
FN:2549,(anonymous_240)
FN:2557,(anonymous_241)
FN:2565,(anonymous_242)
FN:2570,(anonymous_243)
FN:2575,(anonymous_244)
FN:2579,(anonymous_245)
FN:2590,(anonymous_246)
FN:2594,(anonymous_247)
FN:2598,(anonymous_248)
FN:2602,(anonymous_249)
FN:2604,(anonymous_250)
FN:2608,(anonymous_251)
FN:2615,(anonymous_252)
FN:2619,(anonymous_253)
FN:2634,(anonymous_254)
FN:2645,(anonymous_255)
FN:2672,(anonymous_256)
FNF:256
FNH:102
FNDA:0,(anonymous_1)
FNDA:12,(anonymous_2)
FNDA:12,getGlobal
FNDA:4,(anonymous_4)
FNDA:4,(anonymous_5)
FNDA:0,(anonymous_6)
FNDA:0,(anonymous_7)
FNDA:99,(anonymous_8)
FNDA:0,(anonymous_9)
FNDA:99,(anonymous_10)
FNDA:257,(anonymous_11)
FNDA:65,(anonymous_12)
FNDA:32,(anonymous_13)
FNDA:32,(anonymous_14)
FNDA:129,(anonymous_15)
FNDA:0,(anonymous_16)
FNDA:32,(anonymous_17)
FNDA:0,(anonymous_18)
FNDA:0,(anonymous_19)
FNDA:19,(anonymous_20)
FNDA:16,(anonymous_21)
FNDA:0,(anonymous_22)
FNDA:0,(anonymous_23)
FNDA:0,(anonymous_24)
FNDA:0,(anonymous_25)
FNDA:0,(anonymous_26)
FNDA:0,(anonymous_27)
FNDA:19,(anonymous_28)
FNDA:19,(anonymous_29)
FNDA:16,(anonymous_30)
FNDA:19,(anonymous_31)
FNDA:0,(anonymous_32)
FNDA:0,(anonymous_33)
FNDA:19,(anonymous_34)
FNDA:62,(anonymous_35)
FNDA:0,(anonymous_36)
FNDA:0,(anonymous_37)
FNDA:99,(anonymous_38)
FNDA:0,(anonymous_39)
FNDA:0,(anonymous_40)
FNDA:0,(anonymous_41)
FNDA:24,(anonymous_42)
FNDA:1,(anonymous_43)
FNDA:51,(anonymous_44)
FNDA:0,(anonymous_45)
FNDA:0,(anonymous_46)
FNDA:0,(anonymous_47)
FNDA:0,tryIt
FNDA:0,(anonymous_49)
FNDA:0,(anonymous_50)
FNDA:0,(anonymous_51)
FNDA:0,(anonymous_52)
FNDA:5,(anonymous_53)
FNDA:5,(anonymous_54)
FNDA:0,(anonymous_55)
FNDA:0,(anonymous_56)
FNDA:132,(anonymous_57)
FNDA:0,(anonymous_58)
FNDA:1,(anonymous_59)
FNDA:62,(anonymous_60)
FNDA:198,(anonymous_61)
FNDA:0,(anonymous_62)
FNDA:0,(anonymous_63)
FNDA:62,(anonymous_64)
FNDA:51,(anonymous_65)
FNDA:1,(anonymous_66)
FNDA:1,(anonymous_67)
FNDA:51,(anonymous_68)
FNDA:51,(anonymous_69)
FNDA:0,(anonymous_70)
FNDA:0,(anonymous_71)
FNDA:24,(anonymous_72)
FNDA:102,(anonymous_73)
FNDA:1,(anonymous_74)
FNDA:0,(anonymous_75)
FNDA:0,(anonymous_76)
FNDA:62,(anonymous_77)
FNDA:0,(anonymous_78)
FNDA:0,(anonymous_79)
FNDA:0,(anonymous_80)
FNDA:0,(anonymous_81)
FNDA:32,(anonymous_82)
FNDA:126,(anonymous_83)
FNDA:80,(anonymous_84)
FNDA:17,(anonymous_85)
FNDA:0,(anonymous_86)
FNDA:0,(anonymous_87)
FNDA:0,(anonymous_88)
FNDA:0,(anonymous_89)
FNDA:0,(anonymous_90)
FNDA:0,(anonymous_91)
FNDA:0,(anonymous_92)
FNDA:0,(anonymous_93)
FNDA:316,(anonymous_94)
FNDA:316,(anonymous_95)
FNDA:0,(anonymous_96)
FNDA:0,(anonymous_97)
FNDA:0,(anonymous_98)
FNDA:0,(anonymous_99)
FNDA:0,(anonymous_100)
FNDA:0,(anonymous_101)
FNDA:0,(anonymous_102)
FNDA:0,(anonymous_103)
FNDA:0,(anonymous_104)
FNDA:0,(anonymous_105)
FNDA:0,(anonymous_106)
FNDA:0,(anonymous_107)
FNDA:198,(anonymous_108)
FNDA:0,(anonymous_109)
FNDA:0,(anonymous_110)
FNDA:1,(anonymous_111)
FNDA:24,(anonymous_112)
FNDA:99,(anonymous_113)
FNDA:0,(anonymous_114)
FNDA:45,(anonymous_115)
FNDA:0,(anonymous_116)
FNDA:35,(anonymous_117)
FNDA:0,(anonymous_118)
FNDA:0,(anonymous_119)
FNDA:0,(anonymous_120)
FNDA:0,(anonymous_121)
FNDA:0,(anonymous_122)
FNDA:0,(anonymous_123)
FNDA:0,(anonymous_124)
FNDA:0,(anonymous_125)
FNDA:0,(anonymous_126)
FNDA:0,(anonymous_127)
FNDA:2,(anonymous_128)
FNDA:0,(anonymous_129)
FNDA:0,(anonymous_130)
FNDA:0,(anonymous_131)
FNDA:17,(anonymous_132)
FNDA:0,(anonymous_133)
FNDA:0,(anonymous_134)
FNDA:0,(anonymous_135)
FNDA:0,(anonymous_136)
FNDA:0,(anonymous_137)
FNDA:0,(anonymous_138)
FNDA:0,(anonymous_139)
FNDA:0,(anonymous_140)
FNDA:0,(anonymous_141)
FNDA:0,(anonymous_142)
FNDA:0,(anonymous_143)
FNDA:0,(anonymous_144)
FNDA:0,(anonymous_145)
FNDA:0,(anonymous_146)
FNDA:0,(anonymous_147)
FNDA:0,(anonymous_148)
FNDA:0,(anonymous_149)
FNDA:1,(anonymous_150)
FNDA:0,(anonymous_151)
FNDA:0,(anonymous_152)
FNDA:0,(anonymous_153)
FNDA:0,(anonymous_154)
FNDA:1,(anonymous_155)
FNDA:0,(anonymous_156)
FNDA:0,(anonymous_157)
FNDA:0,(anonymous_158)
FNDA:0,(anonymous_159)
FNDA:0,(anonymous_160)
FNDA:0,(anonymous_161)
FNDA:0,(anonymous_162)
FNDA:0,(anonymous_163)
FNDA:0,(anonymous_164)
FNDA:0,(anonymous_165)
FNDA:0,(anonymous_166)
FNDA:0,(anonymous_167)
FNDA:0,(anonymous_168)
FNDA:0,(anonymous_169)
FNDA:0,(anonymous_170)
FNDA:0,(anonymous_171)
FNDA:0,(anonymous_172)
FNDA:1,(anonymous_173)
FNDA:1,(anonymous_174)
FNDA:1,(anonymous_175)
FNDA:6,(anonymous_176)
FNDA:177,(anonymous_177)
FNDA:62,(anonymous_178)
FNDA:0,(anonymous_179)
FNDA:0,(anonymous_180)
FNDA:0,(anonymous_181)
FNDA:99,(anonymous_182)
FNDA:0,(anonymous_183)
FNDA:0,(anonymous_184)
FNDA:0,(anonymous_185)
FNDA:0,(anonymous_186)
FNDA:0,(anonymous_187)
FNDA:0,(anonymous_188)
FNDA:0,(anonymous_189)
FNDA:0,(anonymous_190)
FNDA:0,(anonymous_191)
FNDA:0,(anonymous_192)
FNDA:0,(anonymous_193)
FNDA:114,(anonymous_194)
FNDA:192,(anonymous_195)
FNDA:237,(anonymous_196)
FNDA:0,(anonymous_197)
FNDA:114,(anonymous_198)
FNDA:62,(anonymous_199)
FNDA:130,(anonymous_200)
FNDA:846,(anonymous_201)
FNDA:4,(anonymous_202)
FNDA:0,(anonymous_203)
FNDA:1,(anonymous_204)
FNDA:1,(anonymous_205)
FNDA:1,(anonymous_206)
FNDA:1,(anonymous_207)
FNDA:1,(anonymous_208)
FNDA:1,(anonymous_209)
FNDA:51,(anonymous_210)
FNDA:11,(anonymous_211)
FNDA:1,(anonymous_212)
FNDA:1,(anonymous_213)
FNDA:1,(anonymous_214)
FNDA:0,(anonymous_215)
FNDA:62,(anonymous_216)
FNDA:0,(anonymous_217)
FNDA:0,(anonymous_218)
FNDA:0,(anonymous_219)
FNDA:62,(anonymous_220)
FNDA:62,(anonymous_221)
FNDA:99,(anonymous_222)
FNDA:99,(anonymous_223)
FNDA:0,(anonymous_224)
FNDA:0,(anonymous_225)
FNDA:0,(anonymous_226)
FNDA:198,(anonymous_227)
FNDA:0,(anonymous_228)
FNDA:0,(anonymous_229)
FNDA:62,(anonymous_230)
FNDA:62,(anonymous_231)
FNDA:0,(anonymous_232)
FNDA:62,(anonymous_233)
FNDA:62,(anonymous_234)
FNDA:62,(anonymous_235)
FNDA:0,(anonymous_236)
FNDA:19,(anonymous_237)
FNDA:62,(anonymous_238)
FNDA:51,(anonymous_239)
FNDA:0,(anonymous_240)
FNDA:51,(anonymous_241)
FNDA:23,(anonymous_242)
FNDA:0,(anonymous_243)
FNDA:0,(anonymous_244)
FNDA:102,(anonymous_245)
FNDA:51,(anonymous_246)
FNDA:0,(anonymous_247)
FNDA:0,(anonymous_248)
FNDA:51,(anonymous_249)
FNDA:51,(anonymous_250)
FNDA:0,(anonymous_251)
FNDA:0,(anonymous_252)
FNDA:0,(anonymous_253)
FNDA:0,(anonymous_254)
FNDA:0,(anonymous_255)
FNDA:0,(anonymous_256)
DA:1,1
DA:8,1
DA:9,1
DA:13,1
DA:14,0
DA:23,1
DA:29,1
DA:35,1
DA:40,1
DA:45,1
DA:52,1
DA:54,1
DA:55,1
DA:56,12
DA:59,12
DA:70,1
DA:71,4
DA:72,4
DA:73,4
DA:74,4
DA:78,0
DA:82,1
DA:83,1
DA:84,1
DA:85,1
DA:87,1
DA:88,0
DA:89,0
DA:90,0
DA:93,1
DA:94,0
DA:95,0
DA:96,0
DA:97,0
DA:98,0
DA:100,0
DA:103,0
DA:106,1
DA:107,99
DA:108,99
DA:109,99
DA:110,99
DA:111,99
DA:112,99
DA:114,99
DA:115,99
DA:118,1
DA:119,0
DA:122,1
DA:123,99
DA:129,1
DA:130,257
DA:131,257
DA:140,1
DA:141,65
DA:150,1
DA:151,32
DA:160,1
DA:161,32
DA:171,1
DA:172,129
DA:181,1
DA:182,0
DA:183,0
DA:184,0
DA:193,1
DA:194,32
DA:207,1
DA:208,0
DA:222,1
DA:223,0
DA:270,1
DA:274,19
DA:278,19
DA:282,19
DA:291,19
DA:303,19
DA:304,19
DA:318,1
DA:319,0
DA:320,0
DA:335,1
DA:336,0
DA:337,0
DA:339,0
DA:354,1
DA:355,0
DA:356,0
DA:358,0
DA:376,1
DA:377,0
DA:378,0
DA:395,1
DA:396,19
DA:397,19
DA:398,19
DA:399,19
DA:400,19
DA:403,1
DA:405,19
DA:406,16
DA:407,16
DA:408,16
DA:409,16
DA:410,16
DA:411,16
DA:412,16
DA:413,16
DA:416,19
DA:418,19
DA:419,209
DA:422,19
DA:424,19
DA:433,1
DA:434,19
DA:444,1
DA:445,0
DA:446,0
DA:448,0
DA:449,0
DA:450,0
DA:452,0
DA:460,1
DA:461,0
DA:462,0
DA:480,1
DA:481,19
DA:483,1
DA:498,1
DA:499,62
DA:501,1
DA:524,1
DA:525,0
DA:527,1
DA:537,1
DA:538,0
DA:540,1
DA:551,1
DA:552,99
DA:554,1
DA:561,1
DA:562,0
DA:564,1
DA:572,1
DA:573,0
DA:575,1
DA:584,1
DA:585,0
DA:587,1
DA:596,1
DA:597,24
DA:599,1
DA:608,1
DA:609,1
DA:611,1
DA:628,1
DA:629,51
DA:631,1
DA:659,1
DA:660,0
DA:662,1
DA:670,1
DA:671,0
DA:673,1
DA:677,1
DA:678,1
DA:679,0
DA:680,0
DA:683,0
DA:686,0
DA:687,0
DA:690,0
DA:693,0
DA:696,0
DA:699,0
DA:701,0
DA:706,1
DA:715,1
DA:719,5
DA:721,5
DA:722,5
DA:725,1
DA:726,0
DA:727,0
DA:728,0
DA:730,0
DA:731,0
DA:734,0
DA:736,0
DA:737,0
DA:739,0
DA:740,0
DA:743,0
DA:745,0
DA:746,0
DA:749,0
DA:752,1
DA:753,0
DA:754,0
DA:759,1
DA:760,132
DA:761,132
DA:762,132
DA:765,1
DA:766,0
DA:767,0
DA:775,1
DA:776,1
DA:777,1
DA:778,1
DA:780,1
DA:782,1
DA:783,1
DA:784,1
DA:785,1
DA:786,62
DA:789,1
DA:790,1
DA:791,1
DA:796,1
DA:799,1
DA:800,198
DA:802,1
DA:804,1
DA:808,1
DA:809,1
DA:810,1
DA:811,1
DA:816,1
DA:817,0
DA:818,0
DA:820,0
DA:827,1
DA:828,0
DA:829,0
DA:832,0
DA:833,0
DA:834,0
DA:835,0
DA:837,0
DA:838,0
DA:844,1
DA:845,62
DA:851,1
DA:852,51
DA:859,1
DA:860,1
DA:863,1
DA:864,1
DA:867,1
DA:868,51
DA:869,51
DA:872,1
DA:873,51
DA:874,51
DA:875,40
DA:877,11
DA:880,51
DA:882,51
DA:883,51
DA:884,51
DA:886,0
DA:889,51
DA:890,0
DA:891,0
DA:895,51
DA:897,51
DA:900,1
DA:901,0
DA:902,0
DA:903,0
DA:905,0
DA:908,1
DA:909,24
DA:910,23
DA:912,1
DA:916,1
DA:917,102
DA:920,1
DA:921,1
DA:922,0
DA:924,1
DA:929,1
DA:930,0
DA:936,1
DA:937,62
DA:938,62
DA:939,62
DA:941,62
DA:942,62
DA:945,62
DA:948,1
DA:949,0
DA:950,0
DA:951,0
DA:953,0
DA:956,1
DA:957,0
DA:964,1
DA:965,0
DA:966,0
DA:968,0
DA:969,0
DA:971,0
DA:972,0
DA:974,0
DA:975,0
DA:977,0
DA:978,0
DA:980,0
DA:983,1
DA:984,32
DA:985,0
DA:988,32
DA:989,32
DA:991,32
DA:992,126
DA:995,32
DA:996,63
DA:997,0
DA:1000,32
DA:1001,63
DA:1002,0
DA:1005,32
DA:1006,63
DA:1007,31
DA:1008,0
DA:1012,32
DA:1013,0
DA:1016,32
DA:1017,32
DA:1018,32
DA:1021,1
DA:1022,80
DA:1023,80
DA:1025,80
DA:1026,0
DA:1027,0
DA:1028,0
DA:1031,80
DA:1033,32
DA:1034,0
DA:1037,32
DA:1038,0
DA:1041,32
DA:1042,0
DA:1045,32
DA:1046,0
DA:1049,32
DA:1050,0
DA:1053,32
DA:1054,0
DA:1057,32
DA:1058,0
DA:1061,32
DA:1062,0
DA:1065,32
DA:1066,0
DA:1069,32
DA:1070,0
DA:1073,32
DA:1074,32
DA:1078,0
DA:1081,1
DA:1082,17
DA:1083,17
DA:1084,14
DA:1086,3
DA:1088,0
DA:1091,1
DA:1092,0
DA:1098,1
DA:1102,1
DA:1106,1
DA:1110,1
DA:1114,1
DA:1118,1
DA:1122,1
DA:1133,1
DA:1134,316
DA:1135,316
DA:1136,316
DA:1139,1
DA:1140,316
DA:1141,0
DA:1144,316
DA:1145,316
DA:1147,0
DA:1150,316
DA:1156,1
DA:1157,0
DA:1158,0
DA:1159,0
DA:1160,0
DA:1163,1
DA:1164,0
DA:1165,0
DA:1166,0
DA:1167,0
DA:1168,0
DA:1172,1
DA:1173,0
DA:1176,1
DA:1177,0
DA:1178,0
DA:1185,0
DA:1186,0
DA:1187,0
DA:1188,0
DA:1191,0
DA:1194,1
DA:1195,0
DA:1198,1
DA:1199,0
DA:1203,1
DA:1204,0
DA:1208,1
DA:1212,1
DA:1213,0
DA:1220,1
DA:1223,1
DA:1224,0
DA:1225,0
DA:1226,0
DA:1227,0
DA:1229,0
DA:1232,1
DA:1233,0
DA:1234,0
DA:1235,0
DA:1236,0
DA:1237,0
DA:1248,0
DA:1260,1
DA:1261,198
DA:1262,198
DA:1263,198
DA:1264,198
DA:1265,198
DA:1269,1
DA:1270,0
DA:1274,1
DA:1275,0
DA:1278,1
DA:1279,1
DA:1280,25
DA:1281,24
DA:1282,24
DA:1286,1
DA:1287,24
DA:1288,99
DA:1289,99
DA:1291,99
DA:1292,3
DA:1295,99
DA:1297,99
DA:1298,99
DA:1299,0
DA:1300,0
DA:1301,0
DA:1302,0
DA:1305,0
DA:1306,0
DA:1307,0
DA:1308,0
DA:1309,0
DA:1310,0
DA:1313,0
DA:1316,99
DA:1323,99
DA:1324,99
DA:1335,1
DA:1336,45
DA:1344,1
DA:1345,0
DA:1353,1
DA:1354,35
DA:1362,1
DA:1363,0
DA:1372,1
DA:1373,0
DA:1381,1
DA:1382,0
DA:1388,1
DA:1389,0
DA:1395,1
DA:1396,0
DA:1402,1
DA:1403,0
DA:1409,1
DA:1410,0
DA:1411,0
DA:1414,0
DA:1420,1
DA:1421,0
DA:1428,1
DA:1429,0
DA:1436,1
DA:1437,2
DA:1438,0
DA:1441,2
DA:1442,0
DA:1445,2
DA:1446,0
DA:1452,2
DA:1456,1
DA:1463,1
DA:1464,0
DA:1465,0
DA:1468,0
DA:1469,0
DA:1472,0
DA:1473,0
DA:1479,0
DA:1488,1
DA:1489,17
DA:1490,17
DA:1491,0
DA:1493,17
DA:1494,0
DA:1495,0
DA:1496,0
DA:1497,0
DA:1499,0
DA:1501,0
DA:1504,17
DA:1508,1
DA:1511,1
DA:1512,0
DA:1513,0
DA:1514,0
DA:1517,0
DA:1518,0
DA:1524,0
DA:1532,1
DA:1533,0
DA:1542,1
DA:1543,0
DA:1546,1
DA:1547,0
DA:1550,1
DA:1551,0
DA:1561,1
DA:1562,0
DA:1563,0
DA:1565,0
DA:1573,1
DA:1574,0
DA:1575,0
DA:1576,0
DA:1577,0
DA:1579,0
DA:1580,0
DA:1582,0
DA:1584,0
DA:1585,0
DA:1588,0
DA:1590,0
DA:1591,0
DA:1592,0
DA:1594,0
DA:1598,0
DA:1601,1
DA:1602,0
DA:1605,1
DA:1606,0
DA:1607,0
DA:1610,0
DA:1611,0
DA:1614,0
DA:1615,0
DA:1618,0
DA:1619,0
DA:1622,0
DA:1625,1
DA:1626,0
DA:1629,1
DA:1630,0
DA:1633,1
DA:1634,0
DA:1635,0
DA:1637,0
DA:1639,0
DA:1640,0
DA:1643,0
DA:1644,0
DA:1645,0
DA:1647,0
DA:1648,0
DA:1652,0
DA:1655,1
DA:1656,0
DA:1661,1
DA:1662,1
DA:1664,1
DA:1665,1
DA:1666,0
DA:1667,0
DA:1668,0
DA:1671,1
DA:1672,0
DA:1673,0
DA:1674,0
DA:1677,1
DA:1678,0
DA:1681,1
DA:1682,0
DA:1687,1
DA:1688,1
DA:1689,1
DA:1690,1
DA:1693,1
DA:1694,0
DA:1695,0
DA:1696,0
DA:1697,0
DA:1700,1
DA:1701,0
DA:1702,0
DA:1703,0
DA:1704,0
DA:1705,0
DA:1708,0
DA:1709,0
DA:1713,0
DA:1714,0
DA:1715,0
DA:1717,0
DA:1718,0
DA:1719,0
DA:1720,0
DA:1721,0
DA:1722,0
DA:1723,0
DA:1731,0
DA:1735,1
DA:1736,0
DA:1748,1
DA:1752,0
DA:1753,0
DA:1757,0
DA:1758,0
DA:1762,0
DA:1766,0
DA:1770,0
DA:1771,0
DA:1772,0
DA:1774,0
DA:1779,0
DA:1783,0
DA:1784,0
DA:1795,0
DA:1796,0
DA:1801,0
DA:1806,1
DA:1809,1
DA:1810,0
DA:1811,0
DA:1813,0
DA:1817,1
DA:1818,0
DA:1819,0
DA:1821,0
DA:1825,1
DA:1826,0
DA:1827,0
DA:1829,0
DA:1833,1
DA:1834,0
DA:1835,0
DA:1837,0
DA:1844,1
DA:1845,1
DA:1847,1
DA:1849,1
DA:1850,1
DA:1853,1
DA:1854,1
DA:1862,1
DA:1863,6
DA:1864,6
DA:1865,6
DA:1866,177
DA:1867,177
DA:1868,177
DA:1869,177
DA:1881,1
DA:1885,62
DA:1889,62
DA:1893,62
DA:1897,62
DA:1901,62
DA:1909,1
DA:1910,0
DA:1911,0
DA:1912,0
DA:1919,1
DA:1920,0
DA:1926,1
DA:1927,0
DA:1934,1
DA:1935,99
DA:1936,99
DA:1937,0
DA:1939,99
DA:1940,99
DA:1941,99
DA:1943,0
DA:1947,99
DA:1953,1
DA:1954,0
DA:1959,1
DA:1960,0
DA:1968,1
DA:1969,0
DA:1970,0
DA:1971,0
DA:1972,0
DA:1973,0
DA:1974,0
DA:1975,0
DA:1976,0
DA:1977,0
DA:1978,0
DA:1979,0
DA:1980,0
DA:1981,0
DA:1982,0
DA:1983,0
DA:1984,0
DA:1985,0
DA:1986,0
DA:1987,0
DA:1988,0
DA:1989,0
DA:1990,0
DA:1991,0
DA:1992,0
DA:1993,0
DA:1994,0
DA:1995,0
DA:1996,0
DA:1998,0
DA:2000,0
DA:2002,0
DA:2005,0
DA:2009,1
DA:2010,0
DA:2011,0
DA:2012,0
DA:2013,0
DA:2018,1
DA:2019,1
DA:2020,1
DA:2021,1
DA:2023,1
DA:2024,0
DA:2026,0
DA:2028,1
DA:2030,1
DA:2031,0
DA:2034,1
DA:2035,0
DA:2038,1
DA:2039,0
DA:2040,0
DA:2041,0
DA:2044,0
DA:2045,0
DA:2046,0
DA:2047,0
DA:2049,0
DA:2051,0
DA:2054,1
DA:2055,0
DA:2056,0
DA:2057,0
DA:2060,0
DA:2061,0
DA:2062,0
DA:2064,0
DA:2065,0
DA:2066,0
DA:2068,0
DA:2071,0
DA:2072,0
DA:2073,0
DA:2074,0
DA:2076,0
DA:2080,0
DA:2083,1
DA:2084,0
DA:2086,1
DA:2087,114
DA:2091,114
DA:2092,114
DA:2093,114
DA:2094,114
DA:2095,114
DA:2096,114
DA:2099,1
DA:2100,192
DA:2101,192
DA:2104,192
DA:2105,192
DA:2108,1
DA:2109,237
DA:2110,175
DA:2113,237
DA:2114,237
DA:2117,1
DA:2118,0
DA:2119,0
DA:2122,0
DA:2123,0
DA:2124,0
DA:2127,1
DA:2128,114
DA:2129,114
DA:2130,114
DA:2133,1
DA:2134,62
DA:2137,1
DA:2139,1
DA:2140,130
DA:2141,130
DA:2143,130
DA:2144,543
DA:2146,543
DA:2147,429
DA:2148,429
DA:2150,429
DA:2151,846
DA:2152,417
DA:2153,417
DA:2156,429
DA:2157,0
DA:2160,429
DA:2161,429
DA:2163,429
DA:2164,429
DA:2165,4
DA:2166,4
DA:2167,4
DA:2170,425
DA:2171,413
DA:2173,12
DA:2177,429
DA:2179,429
DA:2180,429
DA:2181,417
DA:2185,114
DA:2186,114
DA:2187,114
DA:2193,1
DA:2194,0
DA:2195,0
DA:2196,0
DA:2197,0
DA:2200,0
DA:2210,1
DA:2211,1
DA:2212,1
DA:2213,1
DA:2214,1
DA:2215,1
DA:2216,1
DA:2219,1
DA:2220,1
DA:2221,1
DA:2222,1
DA:2224,1
DA:2225,1
DA:2229,1
DA:2230,1
DA:2231,1
DA:2234,1
DA:2235,1
DA:2236,1
DA:2240,1
DA:2241,1
DA:2244,1
DA:2245,51
DA:2248,1
DA:2249,11
DA:2250,11
DA:2252,11
DA:2255,1
DA:2256,1
DA:2257,1
DA:2258,1
DA:2259,51
DA:2261,1
DA:2264,1
DA:2265,1
DA:2268,1
DA:2269,1
DA:2270,1
DA:2271,51
DA:2272,11
DA:2275,1
DA:2278,1
DA:2279,0
DA:2289,1
DA:2290,62
DA:2291,0
DA:2293,62
DA:2294,0
DA:2296,62
DA:2297,62
DA:2298,62
DA:2299,62
DA:2300,62
DA:2301,62
DA:2303,62
DA:2304,62
DA:2306,62
DA:2307,62
DA:2308,62
DA:2309,62
DA:2312,1
DA:2313,0
DA:2317,1
DA:2318,0
DA:2326,1
DA:2327,0
DA:2330,1
DA:2331,62
DA:2332,62
DA:2333,62
DA:2336,1
DA:2337,62
DA:2338,0
DA:2340,62
DA:2347,1
DA:2348,99
DA:2351,1
DA:2352,99
DA:2353,99
DA:2354,99
DA:2363,1
DA:2364,0
DA:2365,0
DA:2366,0
DA:2376,1
DA:2377,0
DA:2378,0
DA:2379,0
DA:2381,0
DA:2382,0
DA:2383,0
DA:2385,0
DA:2386,0
DA:2388,0
DA:2389,0
DA:2391,0
DA:2392,0
DA:2396,0
DA:2397,0
DA:2398,0
DA:2401,1
DA:2402,0
DA:2407,0
DA:2410,1
DA:2411,198
DA:2414,1
DA:2415,0
DA:2416,0
DA:2417,0
DA:2419,0
DA:2420,0
DA:2421,0
DA:2424,1
DA:2425,62
DA:2428,1
DA:2429,62
DA:2430,62
DA:2431,62
DA:2432,62
DA:2436,1
DA:2437,0
DA:2438,0
DA:2440,0
DA:2444,1
DA:2445,62
DA:2446,62
DA:2447,0
DA:2448,0
DA:2449,0
DA:2452,62
DA:2454,62
DA:2456,62
DA:2458,62
DA:2459,62
DA:2463,1
DA:2464,62
DA:2465,62
DA:2467,62
DA:2468,133
DA:2469,130
DA:2472,62
DA:2473,62
DA:2475,62
DA:2476,0
DA:2478,62
DA:2479,133
DA:2480,0
DA:2483,62
DA:2484,62
DA:2488,1
DA:2489,0
DA:2492,1
DA:2493,19
DA:2494,0
DA:2497,19
DA:2498,0
DA:2501,19
DA:2502,0
DA:2505,19
DA:2507,19
DA:2508,19
DA:2509,19
DA:2510,19
DA:2512,19
DA:2514,19
DA:2517,1
DA:2518,62
DA:2519,19
DA:2520,19
DA:2522,62
DA:2534,1
DA:2535,51
DA:2536,51
DA:2537,51
DA:2538,51
DA:2539,51
DA:2540,51
DA:2541,51
DA:2542,51
DA:2543,51
DA:2544,51
DA:2545,51
DA:2546,51
DA:2549,1
DA:2550,0
DA:2551,0
DA:2552,0
DA:2554,0
DA:2557,1
DA:2558,51
DA:2559,51
DA:2560,51
DA:2561,51
DA:2565,1
DA:2566,23
DA:2567,23
DA:2570,1
DA:2571,0
DA:2572,0
DA:2575,1
DA:2576,0
DA:2579,1
DA:2580,102
DA:2581,102
DA:2582,40
DA:2583,40
DA:2585,62
DA:2587,102
DA:2590,1
DA:2591,51
DA:2594,1
DA:2595,0
DA:2598,1
DA:2599,0
DA:2602,1
DA:2603,51
DA:2604,51
DA:2605,51
DA:2608,1
DA:2609,0
DA:2610,0
DA:2613,1
DA:2615,1
DA:2616,0
DA:2617,0
DA:2619,0
DA:2620,0
DA:2634,1
DA:2635,0
DA:2636,0
DA:2637,0
DA:2638,0
DA:2639,0
DA:2641,1
DA:2643,1
DA:2645,1
DA:2646,0
DA:2647,0
DA:2649,0
DA:2650,0
DA:2651,0
DA:2653,0
DA:2654,0
DA:2655,0
DA:2658,0
DA:2659,0
DA:2660,0
DA:2661,0
DA:2662,0
DA:2667,0
DA:2668,0
DA:2670,0
DA:2671,0
DA:2672,0
DA:2673,0
DA:2678,1
LF:1116
LH:631
BRDA:1,1,0,1
BRDA:1,1,1,0
BRDA:9,2,0,0
BRDA:9,2,1,1
BRDA:72,3,0,4
BRDA:72,3,1,0
BRDA:96,4,0,0
BRDA:96,4,1,0
BRDA:97,5,0,0
BRDA:97,5,1,0
BRDA:112,6,0,99
BRDA:112,6,1,0
BRDA:114,7,0,99
BRDA:114,7,1,99
BRDA:115,8,0,99
BRDA:115,8,1,0
BRDA:130,9,0,257
BRDA:130,9,1,1
BRDA:274,10,0,19
BRDA:274,10,1,0
BRDA:434,11,0,19
BRDA:434,11,1,19
BRDA:445,12,0,0
BRDA:445,12,1,0
BRDA:445,13,0,0
BRDA:445,13,1,0
BRDA:483,14,0,0
BRDA:483,14,1,1
BRDA:501,15,0,0
BRDA:501,15,1,1
BRDA:527,16,0,0
BRDA:527,16,1,1
BRDA:540,17,0,0
BRDA:540,17,1,1
BRDA:554,18,0,0
BRDA:554,18,1,1
BRDA:564,19,0,0
BRDA:564,19,1,1
BRDA:575,20,0,0
BRDA:575,20,1,1
BRDA:587,21,0,0
BRDA:587,21,1,1
BRDA:599,22,0,0
BRDA:599,22,1,1
BRDA:611,23,0,0
BRDA:611,23,1,1
BRDA:631,24,0,0
BRDA:631,24,1,1
BRDA:662,25,0,0
BRDA:662,25,1,1
BRDA:673,26,0,0
BRDA:673,26,1,1
BRDA:677,27,0,0
BRDA:677,27,1,1
BRDA:686,28,0,0
BRDA:686,28,1,0
BRDA:686,28,2,0
BRDA:686,28,3,0
BRDA:699,29,0,0
BRDA:699,29,1,0
BRDA:727,30,0,0
BRDA:727,30,1,0
BRDA:730,31,0,0
BRDA:730,31,1,0
BRDA:736,32,0,0
BRDA:736,32,1,0
BRDA:739,33,0,0
BRDA:739,33,1,0
BRDA:743,34,0,0
BRDA:743,34,1,0
BRDA:743,35,0,0
BRDA:743,35,1,0
BRDA:745,36,0,0
BRDA:745,36,1,0
BRDA:745,37,0,0
BRDA:745,37,1,0
BRDA:753,38,0,0
BRDA:753,38,1,0
BRDA:817,39,0,0
BRDA:817,39,1,0
BRDA:828,40,0,0
BRDA:828,40,1,0
BRDA:834,41,0,0
BRDA:834,41,1,0
BRDA:874,42,0,40
BRDA:874,42,1,11
BRDA:889,43,0,0
BRDA:889,43,1,51
BRDA:909,44,0,23
BRDA:909,44,1,1
BRDA:921,45,0,0
BRDA:921,45,1,1
BRDA:941,46,0,62
BRDA:941,46,1,0
BRDA:965,47,0,0
BRDA:965,47,1,0
BRDA:968,48,0,0
BRDA:968,48,1,0
BRDA:969,49,0,0
BRDA:969,49,1,0
BRDA:971,50,0,0
BRDA:971,50,1,0
BRDA:972,51,0,0
BRDA:972,51,1,0
BRDA:974,52,0,0
BRDA:974,52,1,0
BRDA:975,53,0,0
BRDA:975,53,1,0
BRDA:977,54,0,0
BRDA:977,54,1,0
BRDA:978,55,0,0
BRDA:978,55,1,0
BRDA:984,56,0,0
BRDA:984,56,1,32
BRDA:984,57,0,32
BRDA:984,57,1,0
BRDA:992,58,0,126
BRDA:992,58,1,126
BRDA:996,59,0,0
BRDA:996,59,1,63
BRDA:996,60,0,63
BRDA:996,60,1,0
BRDA:1001,61,0,0
BRDA:1001,61,1,63
BRDA:1001,62,0,63
BRDA:1001,62,1,0
BRDA:1006,63,0,32
BRDA:1006,63,1,31
BRDA:1007,64,0,0
BRDA:1007,64,1,31
BRDA:1008,65,0,0
BRDA:1008,65,1,0
BRDA:1008,66,0,0
BRDA:1008,66,1,0
BRDA:1012,67,0,0
BRDA:1012,67,1,32
BRDA:1012,68,0,32
BRDA:1012,68,1,16
BRDA:1012,68,2,16
BRDA:1018,69,0,32
BRDA:1018,69,1,32
BRDA:1022,70,0,80
BRDA:1022,70,1,49
BRDA:1023,71,0,80
BRDA:1023,71,1,49
BRDA:1028,72,0,0
BRDA:1028,72,1,0
BRDA:1031,73,0,48
BRDA:1031,73,1,32
BRDA:1033,74,0,0
BRDA:1033,74,1,32
BRDA:1033,75,0,32
BRDA:1033,75,1,32
BRDA:1033,75,2,32
BRDA:1033,75,3,32
BRDA:1034,76,0,0
BRDA:1034,76,1,0
BRDA:1037,77,0,0
BRDA:1037,77,1,32
BRDA:1037,78,0,32
BRDA:1037,78,1,0
BRDA:1041,79,0,0
BRDA:1041,79,1,32
BRDA:1041,80,0,32
BRDA:1041,80,1,0
BRDA:1045,81,0,0
BRDA:1045,81,1,32
BRDA:1049,82,0,0
BRDA:1049,82,1,32
BRDA:1053,83,0,0
BRDA:1053,83,1,32
BRDA:1057,84,0,0
BRDA:1057,84,1,32
BRDA:1061,85,0,0
BRDA:1061,85,1,32
BRDA:1061,86,0,32
BRDA:1061,86,1,0
BRDA:1065,87,0,0
BRDA:1065,87,1,32
BRDA:1065,88,0,32
BRDA:1065,88,1,0
BRDA:1069,89,0,0
BRDA:1069,89,1,32
BRDA:1069,90,0,32
BRDA:1069,90,1,0
BRDA:1073,91,0,32
BRDA:1073,91,1,0
BRDA:1073,92,0,32
BRDA:1073,92,1,32
BRDA:1082,93,0,17
BRDA:1082,93,1,0
BRDA:1084,94,0,14
BRDA:1084,94,1,0
BRDA:1140,95,0,0
BRDA:1140,95,1,316
BRDA:1181,96,0,0
BRDA:1181,96,1,0
BRDA:1185,97,0,0
BRDA:1185,97,1,0
BRDA:1215,98,0,0
BRDA:1215,98,1,0
BRDA:1238,99,0,0
BRDA:1238,99,1,0
BRDA:1239,100,0,0
BRDA:1239,100,1,0
BRDA:1243,101,0,0
BRDA:1243,101,1,0
BRDA:1243,102,0,0
BRDA:1243,102,1,0
BRDA:1264,103,0,198
BRDA:1264,103,1,99
BRDA:1280,104,0,1
BRDA:1280,104,1,24
BRDA:1291,105,0,3
BRDA:1291,105,1,96
BRDA:1295,106,0,0
BRDA:1295,106,1,99
BRDA:1298,107,0,0
BRDA:1298,107,1,99
BRDA:1299,108,0,0
BRDA:1299,108,1,0
BRDA:1301,109,0,0
BRDA:1301,109,1,0
BRDA:1302,110,0,0
BRDA:1302,110,1,0
BRDA:1306,111,0,0
BRDA:1306,111,1,0
BRDA:1307,112,0,0
BRDA:1307,112,1,0
BRDA:1309,113,0,0
BRDA:1309,113,1,0
BRDA:1319,114,0,1
BRDA:1319,114,1,98
BRDA:1437,115,0,0
BRDA:1437,115,1,2
BRDA:1441,116,0,0
BRDA:1441,116,1,2
BRDA:1464,117,0,0
BRDA:1464,117,1,0
BRDA:1468,118,0,0
BRDA:1468,118,1,0
BRDA:1490,119,0,0
BRDA:1490,119,1,17
BRDA:1496,120,0,0
BRDA:1496,120,1,0
BRDA:1513,121,0,0
BRDA:1513,121,1,0
BRDA:1562,122,0,0
BRDA:1562,122,1,0
BRDA:1563,123,0,0
BRDA:1563,123,1,0
BRDA:1576,124,0,0
BRDA:1576,124,1,0
BRDA:1584,125,0,0
BRDA:1584,125,1,0
BRDA:1585,126,0,0
BRDA:1585,126,1,0
BRDA:1585,127,0,0
BRDA:1585,127,1,0
BRDA:1585,128,0,0
BRDA:1585,128,1,0
BRDA:1588,129,0,0
BRDA:1588,129,1,0
BRDA:1591,130,0,0
BRDA:1591,130,1,0
BRDA:1591,131,0,0
BRDA:1591,131,1,0
BRDA:1591,131,2,0
BRDA:1591,132,0,0
BRDA:1591,132,1,0
BRDA:1591,133,0,0
BRDA:1591,133,1,0
BRDA:1592,134,0,0
BRDA:1592,134,1,0
BRDA:1592,135,0,0
BRDA:1592,135,1,0
BRDA:1592,136,0,0
BRDA:1592,136,1,0
BRDA:1606,137,0,0
BRDA:1606,137,1,0
BRDA:1607,138,0,0
BRDA:1607,138,1,0
BRDA:1610,139,0,0
BRDA:1610,139,1,0
BRDA:1611,140,0,0
BRDA:1611,140,1,0
BRDA:1614,141,0,0
BRDA:1614,141,1,0
BRDA:1615,142,0,0
BRDA:1615,142,1,0
BRDA:1618,143,0,0
BRDA:1618,143,1,0
BRDA:1634,144,0,0
BRDA:1634,144,1,0
BRDA:1635,145,0,0
BRDA:1635,145,1,0
BRDA:1640,146,0,0
BRDA:1640,146,1,0
BRDA:1644,147,0,0
BRDA:1644,147,1,0
BRDA:1644,148,0,0
BRDA:1644,148,1,0
BRDA:1647,149,0,0
BRDA:1647,149,1,0
BRDA:1648,150,0,0
BRDA:1648,150,1,0
BRDA:1648,151,0,0
BRDA:1648,151,1,0
BRDA:1652,152,0,0
BRDA:1652,152,1,0
BRDA:1705,153,0,0
BRDA:1705,153,1,0
BRDA:1705,154,0,0
BRDA:1705,154,1,0
BRDA:1705,154,2,0
BRDA:1713,155,0,0
BRDA:1713,155,1,0
BRDA:1722,156,0,0
BRDA:1722,156,1,0
BRDA:1770,157,0,0
BRDA:1770,157,1,0
BRDA:1795,158,0,0
BRDA:1795,158,1,0
BRDA:1810,159,0,0
BRDA:1810,159,1,0
BRDA:1818,160,0,0
BRDA:1818,160,1,0
BRDA:1826,161,0,0
BRDA:1826,161,1,0
BRDA:1834,162,0,0
BRDA:1834,162,1,0
BRDA:1868,163,0,177
BRDA:1868,163,1,0
BRDA:1935,164,0,99
BRDA:1935,164,1,0
BRDA:1936,165,0,0
BRDA:1936,165,1,99
BRDA:1940,166,0,99
BRDA:1940,166,1,0
BRDA:1971,167,0,0
BRDA:1971,167,1,0
BRDA:1973,168,0,0
BRDA:1973,168,1,0
BRDA:1975,169,0,0
BRDA:1975,169,1,0
BRDA:1977,170,0,0
BRDA:1977,170,1,0
BRDA:1979,171,0,0
BRDA:1979,171,1,0
BRDA:1981,172,0,0
BRDA:1981,172,1,0
BRDA:1983,173,0,0
BRDA:1983,173,1,0
BRDA:1985,174,0,0
BRDA:1985,174,1,0
BRDA:1987,175,0,0
BRDA:1987,175,1,0
BRDA:1989,176,0,0
BRDA:1989,176,1,0
BRDA:1991,177,0,0
BRDA:1991,177,1,0
BRDA:1992,178,0,0
BRDA:1992,178,1,0
BRDA:1993,179,0,0
BRDA:1993,179,1,0
BRDA:1993,180,0,0
BRDA:1993,180,1,0
BRDA:1995,181,0,0
BRDA:1995,181,1,0
BRDA:2011,182,0,0
BRDA:2011,182,1,0
BRDA:2012,183,0,0
BRDA:2012,183,1,0
BRDA:2013,184,0,0
BRDA:2013,184,1,0
BRDA:2013,185,0,0
BRDA:2013,185,1,0
BRDA:2039,186,0,0
BRDA:2039,186,1,0
BRDA:2046,187,0,0
BRDA:2046,187,1,0
BRDA:2055,188,0,0
BRDA:2055,188,1,0
BRDA:2065,189,0,0
BRDA:2065,189,1,0
BRDA:2073,190,0,0
BRDA:2073,190,1,0
BRDA:2100,191,0,192
BRDA:2100,191,1,0
BRDA:2109,192,0,175
BRDA:2109,192,1,62
BRDA:2118,193,0,0
BRDA:2118,193,1,0
BRDA:2146,194,0,429
BRDA:2146,194,1,114
BRDA:2146,195,0,543
BRDA:2146,195,1,429
BRDA:2146,196,0,429
BRDA:2146,196,1,0
BRDA:2151,197,0,417
BRDA:2151,197,1,429
BRDA:2151,198,0,846
BRDA:2151,198,1,846
BRDA:2156,199,0,0
BRDA:2156,199,1,429
BRDA:2164,200,0,4
BRDA:2164,200,1,425
BRDA:2164,201,0,429
BRDA:2164,201,1,429
BRDA:2170,202,0,413
BRDA:2170,202,1,12
BRDA:2170,203,0,425
BRDA:2170,203,1,425
BRDA:2180,204,0,417
BRDA:2180,204,1,12
BRDA:2186,205,0,114
BRDA:2186,205,1,0
BRDA:2196,206,0,0
BRDA:2196,206,1,0
BRDA:2221,207,0,1
BRDA:2221,207,1,0
BRDA:2249,208,0,11
BRDA:2249,208,1,0
BRDA:2271,209,0,11
BRDA:2271,209,1,40
BRDA:2290,210,0,0
BRDA:2290,210,1,62
BRDA:2293,211,0,0
BRDA:2293,211,1,62
BRDA:2297,212,0,62
BRDA:2297,212,1,0
BRDA:2337,213,0,0
BRDA:2337,213,1,62
BRDA:2383,214,0,0
BRDA:2383,214,1,0
BRDA:2383,214,2,0
BRDA:2404,215,0,0
BRDA:2404,215,1,0
BRDA:2411,216,0,198
BRDA:2411,216,1,198
BRDA:2431,217,0,62
BRDA:2431,217,1,0
BRDA:2437,218,0,0
BRDA:2437,218,1,0
BRDA:2446,219,0,0
BRDA:2446,219,1,62
BRDA:2493,220,0,0
BRDA:2493,220,1,19
BRDA:2497,221,0,0
BRDA:2497,221,1,19
BRDA:2497,222,0,19
BRDA:2497,222,1,19
BRDA:2501,223,0,0
BRDA:2501,223,1,19
BRDA:2501,224,0,19
BRDA:2501,224,1,19
BRDA:2501,224,2,19
BRDA:2536,225,0,51
BRDA:2536,225,1,0
BRDA:2546,226,0,51
BRDA:2546,226,1,40
BRDA:2546,226,2,51
BRDA:2560,227,0,51
BRDA:2560,227,1,0
BRDA:2581,228,0,40
BRDA:2581,228,1,62
BRDA:2616,229,0,0
BRDA:2616,229,1,0
BRDA:2635,230,0,0
BRDA:2635,230,1,0
BRDA:2646,231,0,0
BRDA:2646,231,1,0
BRDA:2647,232,0,0
BRDA:2647,232,1,0
BRDA:2658,233,0,0
BRDA:2658,233,1,0
BRDA:2660,234,0,0
BRDA:2660,234,1,0
BRDA:2661,235,0,0
BRDA:2661,235,1,0
BRF:480
BRH:149
end_of_record
TN:
SF:/Users/fviane/projects/tw/library/library-ui/node_modules/karma-jasmine/lib/adapter.js
FN:1,(anonymous_1)
FN:3,(anonymous_2)
FN:21,(anonymous_3)
FN:39,(anonymous_4)
FN:41,(anonymous_5)
FN:44,(anonymous_6)
FN:71,(anonymous_7)
FN:76,(anonymous_8)
FN:82,(anonymous_9)
FN:89,(anonymous_10)
FN:93,(anonymous_11)
FN:127,(anonymous_12)
FN:131,(anonymous_13)
FN:132,(anonymous_14)
FNF:14
FNH:11
FNDA:1,(anonymous_1)
FNDA:0,(anonymous_2)
FNDA:0,(anonymous_3)
FNDA:1,(anonymous_4)
FNDA:1,(anonymous_5)
FNDA:51,(anonymous_6)
FNDA:1,(anonymous_7)
FNDA:1,(anonymous_8)
FNDA:51,(anonymous_9)
FNDA:62,(anonymous_10)
FNDA:62,(anonymous_11)
FNDA:0,(anonymous_12)
FNDA:1,(anonymous_13)
FNDA:1,(anonymous_14)
DA:1,1
DA:3,1
DA:5,0
DA:6,0
DA:7,0
DA:9,0
DA:10,0
DA:11,0
DA:15,0
DA:18,0
DA:21,1
DA:22,0
DA:23,0
DA:26,0
DA:27,0
DA:28,0
DA:32,0
DA:39,1
DA:41,1
DA:42,1
DA:44,1
DA:45,51
DA:46,51
DA:48,51
DA:49,40
DA:50,40
DA:51,40
DA:54,51
DA:55,51
DA:56,62
DA:60,1
DA:61,1
DA:62,1
DA:63,11
DA:64,11
DA:65,11
DA:68,1
DA:71,1
DA:72,1
DA:73,1
DA:76,1
DA:77,1
DA:82,1
DA:84,51
DA:85,51
DA:86,51
DA:89,1
DA:90,62
DA:93,1
DA:94,62
DA:104,62
DA:105,62
DA:106,133
DA:107,133
DA:110,62
DA:111,0
DA:112,0
DA:113,0
DA:114,0
DA:119,62
DA:122,62
DA:123,62
DA:124,62
DA:127,1
DA:131,1
DA:132,1
DA:135,1
DA:137,1
DA:138,1
DA:143,1
LF:70
LH:52
BRDA:7,1,0,0
BRDA:7,1,1,0
BRDA:10,2,0,0
BRDA:10,2,1,0
BRDA:10,3,0,0
BRDA:10,3,1,0
BRDA:22,4,0,0
BRDA:22,4,1,0
BRDA:27,5,0,0
BRDA:27,5,1,0
BRDA:100,6,0,0
BRDA:100,6,1,62
BRDA:110,7,0,0
BRDA:110,7,1,62
BRDA:113,8,0,0
BRDA:113,8,1,0
BRDA:135,9,0,1
BRDA:135,9,1,1
BRF:18
BRH:4
end_of_record
TN:
SF:/Users/fviane/projects/tw/library/library-ui/bower_components/jquery/dist/jquery.js
FN:15,(anonymous_1)
FN:27,(anonymous_2)
FN:38,(anonymous_3)
FN:73,(anonymous_4)
FN:88,(anonymous_5)
FN:104,(anonymous_6)
FN:110,(anonymous_7)
FN:122,(anonymous_8)
FN:138,(anonymous_9)
FN:142,(anonymous_10)
FN:143,(anonymous_11)
FN:148,(anonymous_12)
FN:152,(anonymous_13)
FN:156,(anonymous_14)
FN:160,(anonymous_15)
FN:166,(anonymous_16)
FN:177,(anonymous_17)
FN:249,(anonymous_18)
FN:253,(anonymous_19)
FN:255,(anonymous_20)
FN:261,(anonymous_21)
FN:265,(anonymous_22)
FN:273,(anonymous_23)
FN:292,(anonymous_24)
FN:300,(anonymous_25)
FN:311,(anonymous_26)
FN:336,(anonymous_27)
FN:340,(anonymous_28)
FN:345,(anonymous_29)
FN:395,(anonymous_30)
FN:402,(anonymous_31)
FN:419,(anonymous_32)
FN:423,(anonymous_33)
FN:437,(anonymous_34)
FN:457,(anonymous_35)
FN:494,(anonymous_36)
FN:511,(anonymous_37)
FN:529,(anonymous_38)
FN:533,isArraylike
FN:564,(anonymous_40)
FN:596,(anonymous_41)
FN:615,(anonymous_42)
FN:699,(anonymous_43)
FN:717,(anonymous_44)
FN:734,(anonymous_45)
FN:740,(anonymous_46)
FN:750,Sizzle
FN:864,createCache
FN:867,cache
FN:882,markFunction
FN:891,assert
FN:913,addHandle
FN:928,siblingCheck
FN:955,createInputPseudo
FN:956,(anonymous_55)
FN:966,createButtonPseudo
FN:967,(anonymous_57)
FN:977,createPositionalPseudo
FN:978,(anonymous_59)
FN:980,(anonymous_60)
FN:1000,testContext
FN:1012,(anonymous_62)
FN:1024,(anonymous_63)
FN:1061,(anonymous_64)
FN:1070,(anonymous_65)
FN:1082,(anonymous_66)
FN:1089,(anonymous_67)
FN:1097,(anonymous_68)
FN:1099,(anonymous_69)
FN:1108,(anonymous_70)
FN:1110,(anonymous_71)
FN:1119,(anonymous_72)
FN:1129,(anonymous_73)
FN:1150,(anonymous_74)
FN:1174,(anonymous_75)
FN:1218,(anonymous_76)
FN:1249,(anonymous_77)
FN:1272,(anonymous_78)
FN:1281,(anonymous_79)
FN:1297,(anonymous_80)
FN:1338,(anonymous_81)
FN:1395,(anonymous_82)
FN:1399,(anonymous_83)
FN:1428,(anonymous_84)
FN:1436,(anonymous_85)
FN:1457,(anonymous_86)
FN:1465,(anonymous_87)
FN:1498,(anonymous_88)
FN:1550,(anonymous_89)
FN:1563,(anonymous_90)
FN:1595,(anonymous_91)
FN:1626,(anonymous_92)
FN:1629,(anonymous_93)
FN:1630,(anonymous_94)
FN:1635,(anonymous_95)
FN:1640,(anonymous_96)
FN:1645,(anonymous_97)
FN:1646,(anonymous_98)
FN:1669,(anonymous_99)
FN:1677,(anonymous_100)
FN:1681,(anonymous_101)
FN:1758,(anonymous_102)
FN:1778,(anonymous_103)
FN:1787,(anonymous_104)
FN:1798,(anonymous_105)
FN:1807,(anonymous_106)
FN:1819,(anonymous_107)
FN:1828,(anonymous_108)
FN:1829,(anonymous_109)
FN:1834,(anonymous_110)
FN:1836,(anonymous_111)
FN:1848,(anonymous_112)
FN:1854,(anonymous_113)
FN:1870,(anonymous_114)
FN:1875,(anonymous_115)
FN:1879,(anonymous_116)
FN:1884,(anonymous_117)
FN:1888,(anonymous_118)
FN:1892,(anonymous_119)
FN:1899,(anonymous_120)
FN:1910,(anonymous_121)
FN:1923,(anonymous_122)
FN:1928,(anonymous_123)
FN:1932,(anonymous_124)
FN:1936,(anonymous_125)
FN:1941,(anonymous_126)
FN:1952,(anonymous_127)
FN:1956,(anonymous_128)
FN:1960,(anonymous_129)
FN:1964,(anonymous_130)
FN:1972,(anonymous_131)
FN:1980,(anonymous_132)
FN:1988,(anonymous_133)
FN:2009,setFilters
FN:2013,(anonymous_135)
FN:2080,toSelector
FN:2090,addCombinator
FN:2097,(anonymous_138)
FN:2106,(anonymous_139)
FN:2143,elementMatcher
FN:2145,(anonymous_141)
FN:2157,multipleContexts
FN:2166,condense
FN:2187,setMatcher
FN:2194,(anonymous_145)
FN:2280,matcherFromTokens
FN:2288,(anonymous_147)
FN:2291,(anonymous_148)
FN:2294,(anonymous_149)
FN:2338,matcherFromGroupMatchers
FN:2341,(anonymous_151)
FN:2437,(anonymous_152)
FN:2476,(anonymous_153)
FN:2560,(anonymous_154)
FN:2568,(anonymous_155)
FN:2572,(anonymous_156)
FN:2581,(anonymous_157)
FN:2586,(anonymous_158)
FN:2595,(anonymous_159)
FN:2598,(anonymous_160)
FN:2634,winnow
FN:2636,(anonymous_162)
FN:2644,(anonymous_163)
FN:2658,(anonymous_164)
FN:2663,(anonymous_165)
FN:2672,(anonymous_166)
FN:2678,(anonymous_167)
FN:2685,(anonymous_168)
FN:2703,(anonymous_169)
FN:2706,(anonymous_170)
FN:2709,(anonymous_171)
FN:2735,(anonymous_172)
FN:2851,(anonymous_173)
FN:2866,(anonymous_174)
FN:2880,(anonymous_175)
FN:2884,(anonymous_176)
FN:2894,(anonymous_177)
FN:2923,(anonymous_178)
FN:2943,(anonymous_179)
FN:2951,(anonymous_180)
FN:2958,sibling
FN:2964,(anonymous_182)
FN:2968,(anonymous_183)
FN:2971,(anonymous_184)
FN:2974,(anonymous_185)
FN:2977,(anonymous_186)
FN:2980,(anonymous_187)
FN:2983,(anonymous_188)
FN:2986,(anonymous_189)
FN:2989,(anonymous_190)
FN:2992,(anonymous_191)
FN:2995,(anonymous_192)
FN:2998,(anonymous_193)
FN:3001,(anonymous_194)
FN:3002,(anonymous_195)
FN:3036,createOptions
FN:3038,(anonymous_197)
FN:3066,(anonymous_198)
FN:3091,(anonymous_199)
FN:3120,(anonymous_200)
FN:3124,add
FN:3125,(anonymous_202)
FN:3151,(anonymous_203)
FN:3153,(anonymous_204)
FN:3173,(anonymous_205)
FN:3177,(anonymous_206)
FN:3183,(anonymous_207)
FN:3188,(anonymous_208)
FN:3192,(anonymous_209)
FN:3200,(anonymous_210)
FN:3204,(anonymous_211)
FN:3217,(anonymous_212)
FN:3222,(anonymous_213)
FN:3233,(anonymous_214)
FN:3242,(anonymous_215)
FN:3245,(anonymous_216)
FN:3249,(anonymous_217)
FN:3251,(anonymous_218)
FN:3252,(anonymous_219)
FN:3255,(anonymous_220)
FN:3272,(anonymous_221)
FN:3282,(anonymous_222)
FN:3291,(anonymous_223)
FN:3300,(anonymous_224)
FN:3320,(anonymous_225)
FN:3332,(anonymous_226)
FN:3333,(anonymous_227)
FN:3376,(anonymous_228)
FN:3392,(anonymous_229)
FN:3401,(anonymous_230)
FN:3430,completed
FN:3436,(anonymous_232)
FN:3468,(anonymous_233)
FN:3497,(anonymous_234)
FN:3523,(anonymous_235)
FN:3535,Data
FN:3540,(anonymous_237)
FN:3552,(anonymous_238)
FN:3588,(anonymous_239)
FN:3614,(anonymous_240)
FN:3624,(anonymous_241)
FN:3658,(anonymous_242)
FN:3696,(anonymous_243)
FN:3701,(anonymous_244)
FN:3726,dataAttr
FN:3756,(anonymous_246)
FN:3760,(anonymous_247)
FN:3764,(anonymous_248)
FN:3770,(anonymous_249)
FN:3774,(anonymous_250)
FN:3780,(anonymous_251)
FN:3813,(anonymous_252)
FN:3818,(anonymous_253)
FN:3854,(anonymous_254)
FN:3874,(anonymous_255)
FN:3875,(anonymous_256)
FN:3883,(anonymous_257)
FN:3902,(anonymous_258)
FN:3909,(anonymous_259)
FN:3938,(anonymous_260)
FN:3941,(anonymous_261)
FN:3949,(anonymous_262)
FN:3964,(anonymous_263)
FN:3975,(anonymous_264)
FN:3976,(anonymous_265)
FN:3980,(anonymous_266)
FN:3985,(anonymous_267)
FN:3991,(anonymous_268)
FN:4018,(anonymous_269)
FN:4029,(anonymous_270)
FN:4066,returnTrue
FN:4070,returnFalse
FN:4074,safeActiveElement
FN:4088,(anonymous_274)
FN:4117,(anonymous_275)
FN:4194,(anonymous_276)
FN:4264,(anonymous_277)
FN:4396,(anonymous_278)
FN:4455,(anonymous_279)
FN:4508,(anonymous_280)
FN:4521,(anonymous_281)
FN:4545,(anonymous_282)
FN:4594,(anonymous_283)
FN:4603,(anonymous_284)
FN:4613,(anonymous_285)
FN:4621,(anonymous_286)
FN:4627,(anonymous_287)
FN:4638,(anonymous_288)
FN:4662,(anonymous_289)
FN:4668,(anonymous_290)
FN:4712,(anonymous_291)
FN:4721,(anonymous_292)
FN:4730,(anonymous_293)
FN:4750,(anonymous_294)
FN:4755,(anonymous_295)
FN:4776,(anonymous_296)
FN:4779,(anonymous_297)
FN:4784,(anonymous_298)
FN:4793,(anonymous_299)
FN:4811,(anonymous_300)
FN:4852,(anonymous_301)
FN:4860,(anonymous_302)
FN:4864,(anonymous_303)
FN:4867,(anonymous_304)
FN:4894,(anonymous_305)
FN:4899,(anonymous_306)
FN:4900,(anonymous_307)
FN:4904,(anonymous_308)
FN:4946,manipulationTarget
FN:4956,disableScript
FN:4960,restoreScript
FN:4973,setGlobalEval
FN:4984,cloneCopyEvent
FN:5018,getAll
FN:5029,fixInput
FN:5043,(anonymous_316)
FN:5085,(anonymous_317)
FN:5171,(anonymous_318)
FN:5205,(anonymous_319)
FN:5206,(anonymous_320)
FN:5209,(anonymous_321)
FN:5217,(anonymous_322)
FN:5218,(anonymous_323)
FN:5226,(anonymous_324)
FN:5227,(anonymous_325)
FN:5235,(anonymous_326)
FN:5236,(anonymous_327)
FN:5243,(anonymous_328)
FN:5244,(anonymous_329)
FN:5251,(anonymous_330)
FN:5272,(anonymous_331)
FN:5290,(anonymous_332)
FN:5294,(anonymous_333)
FN:5299,(anonymous_334)
FN:5300,(anonymous_335)
FN:5338,(anonymous_336)
FN:5342,(anonymous_337)
FN:5356,(anonymous_338)
FN:5360,(anonymous_339)
FN:5377,(anonymous_340)
FN:5453,(anonymous_341)
FN:5454,(anonymous_342)
FN:5484,actualDisplay
FN:5506,defaultDisplay
FN:5540,(anonymous_345)
FN:5553,curCSS
FN:5601,addGetHookIf
FN:5604,(anonymous_348)
FN:5619,(anonymous_349)
FN:5641,computePixelPositionAndBoxSizingReliable
FN:5662,(anonymous_351)
FN:5670,(anonymous_352)
FN:5676,(anonymous_353)
FN:5709,(anonymous_354)
FN:5746,vendorPropName
FN:5768,setPositiveNumber
FN:5776,augmentWidthOrHeight
FN:5815,getWidthOrHeight
FN:5859,showHide
FN:5916,(anonymous_360)
FN:5950,(anonymous_361)
FN:6010,(anonymous_362)
FN:6044,(anonymous_363)
FN:6046,(anonymous_364)
FN:6052,(anonymous_365)
FN:6059,(anonymous_366)
FN:6076,(anonymous_367)
FN:6089,(anonymous_368)
FN:6091,(anonymous_369)
FN:6113,(anonymous_370)
FN:6114,(anonymous_371)
FN:6135,(anonymous_372)
FN:6138,(anonymous_373)
FN:6141,(anonymous_374)
FN:6146,(anonymous_375)
FN:6157,Tween
FN:6164,(anonymous_377)
FN:6173,(anonymous_378)
FN:6180,(anonymous_379)
FN:6210,(anonymous_380)
FN:6226,(anonymous_381)
FN:6244,(anonymous_382)
FN:6252,(anonymous_383)
FN:6255,(anonymous_384)
FN:6275,(anonymous_385)
FN:6326,createFxNow
FN:6327,(anonymous_387)
FN:6334,genFx
FN:6354,createTween
FN:6368,defaultPrefilter
FN:6383,(anonymous_391)
FN:6391,(anonymous_392)
FN:6393,(anonymous_393)
FN:6425,(anonymous_394)
FN:6471,(anonymous_395)
FN:6475,(anonymous_396)
FN:6501,propFilter
FN:6538,Animation
FN:6543,(anonymous_399)
FN:6547,(anonymous_400)
FN:6582,(anonymous_401)
FN:6588,(anonymous_402)
FN:6644,(anonymous_403)
FN:6663,(anonymous_404)
FN:6672,(anonymous_405)
FN:6691,(anonymous_406)
FN:6705,(anonymous_407)
FN:6713,(anonymous_408)
FN:6716,(anonymous_409)
FN:6731,(anonymous_410)
FN:6732,(anonymous_411)
FN:6747,(anonymous_412)
FN:6781,(anonymous_413)
FN:6785,(anonymous_414)
FN:6824,(anonymous_415)
FN:6826,(anonymous_416)
FN:6841,(anonymous_417)
FN:6842,(anonymous_418)
FN:6848,(anonymous_419)
FN:6869,(anonymous_420)
FN:6880,(anonymous_421)
FN:6886,(anonymous_422)
FN:6901,(anonymous_423)
FN:6905,(anonymous_424)
FN:6907,(anonymous_425)
FN:6914,(anonymous_426)
FN:6947,(anonymous_427)
FN:6951,(anonymous_428)
FN:6952,(anonymous_429)
FN:6959,(anonymous_430)
FN:7007,(anonymous_431)
FN:7029,(anonymous_432)
FN:7046,(anonymous_433)
FN:7056,(anonymous_434)
FN:7059,(anonymous_435)
FN:7080,(anonymous_436)
FN:7084,(anonymous_437)
FN:7085,(anonymous_438)
FN:7097,(anonymous_439)
FN:7128,(anonymous_440)
FN:7139,(anonymous_441)
FN:7160,(anonymous_442)
FN:7170,(anonymous_443)
FN:7177,(anonymous_444)
FN:7213,(anonymous_445)
FN:7220,(anonymous_446)
FN:7256,(anonymous_447)
FN:7264,(anonymous_448)
FN:7269,(anonymous_449)
FN:7302,(anonymous_450)
FN:7322,(anonymous_451)
FN:7348,(anonymous_452)
FN:7369,(anonymous_453)
FN:7387,(anonymous_454)
FN:7397,(anonymous_455)
FN:7434,(anonymous_456)
FN:7458,(anonymous_457)
FN:7460,(anonymous_458)
FN:7467,(anonymous_459)
FN:7481,(anonymous_460)
FN:7484,(anonymous_461)
FN:7492,(anonymous_462)
FN:7496,(anonymous_463)
FN:7499,(anonymous_464)
FN:7503,(anonymous_465)
FN:7506,(anonymous_466)
FN:7521,(anonymous_467)
FN:7527,(anonymous_468)
FN:7586,addToPrefiltersOrTransports
FN:7589,(anonymous_470)
FN:7618,inspectPrefiltersOrTransports
FN:7623,inspect
FN:7626,(anonymous_473)
FN:7645,ajaxExtend
FN:7665,ajaxHandleResponses
FN:7721,ajaxConvert
FN:7891,(anonymous_477)
FN:7905,(anonymous_478)
FN:7955,(anonymous_479)
FN:7970,(anonymous_480)
FN:7975,(anonymous_481)
FN:7985,(anonymous_482)
FN:7993,(anonymous_483)
FN:8010,(anonymous_484)
FN:8159,(anonymous_485)
FN:8179,done
FN:8293,(anonymous_487)
FN:8297,(anonymous_488)
FN:8302,(anonymous_489)
FN:8303,(anonymous_490)
FN:8322,(anonymous_491)
FN:8335,(anonymous_492)
FN:8339,(anonymous_493)
FN:8353,(anonymous_494)
FN:8367,(anonymous_495)
FN:8369,(anonymous_496)
FN:8374,(anonymous_497)
FN:8387,(anonymous_498)
FN:8390,(anonymous_499)
FN:8395,(anonymous_500)
FN:8396,(anonymous_501)
FN:8405,(anonymous_502)
FN:8410,(anonymous_503)
FN:8423,buildParams
FN:8428,(anonymous_505)
FN:8453,(anonymous_506)
FN:8456,(anonymous_507)
FN:8470,(anonymous_508)
FN:8487,(anonymous_509)
FN:8490,(anonymous_510)
FN:8491,(anonymous_511)
FN:8496,(anonymous_512)
FN:8504,(anonymous_513)
FN:8510,(anonymous_514)
FN:8519,(anonymous_515)
FN:8540,(anonymous_516)
FN:8550,(anonymous_517)
FN:8556,(anonymous_518)
FN:8590,(anonymous_519)
FN:8591,(anonymous_520)
FN:8639,(anonymous_521)
FN:8660,(anonymous_522)
FN:8668,(anonymous_523)
FN:8678,(anonymous_524)
FN:8683,(anonymous_525)
FN:8690,(anonymous_526)
FN:8700,(anonymous_527)
FN:8718,(anonymous_528)
FN:8726,(anonymous_529)
FN:8750,(anonymous_530)
FN:8762,(anonymous_531)
FN:8767,(anonymous_532)
FN:8799,(anonymous_533)
FN:8833,(anonymous_534)
FN:8868,(anonymous_535)
FN:8882,(anonymous_536)
FN:8894,(anonymous_537)
FN:8895,(anonymous_538)
FN:8903,(anonymous_539)
FN:8904,(anonymous_540)
FN:8917,getWindow
FN:8922,(anonymous_542)
FN:8972,(anonymous_543)
FN:8976,(anonymous_544)
FN:9009,(anonymous_545)
FN:9045,(anonymous_546)
FN:9046,(anonymous_547)
FN:9059,(anonymous_548)
FN:9062,(anonymous_549)
FN:9063,(anonymous_550)
FN:9089,(anonymous_551)
FN:9091,(anonymous_552)
FN:9105,(anonymous_553)
FN:9106,(anonymous_554)
FN:9108,(anonymous_555)
FN:9112,(anonymous_556)
FN:9148,(anonymous_557)
FN:9171,(anonymous_558)
FN:9186,(anonymous_559)
FNF:559
FNH:126
FNDA:1,(anonymous_1)
FNDA:0,(anonymous_2)
FNDA:1,(anonymous_3)
FNDA:282,(anonymous_4)
FNDA:0,(anonymous_5)
FNDA:0,(anonymous_6)
FNDA:0,(anonymous_7)
FNDA:71,(anonymous_8)
FNDA:145,(anonymous_9)
FNDA:0,(anonymous_10)
FNDA:0,(anonymous_11)
FNDA:0,(anonymous_12)
FNDA:0,(anonymous_13)
FNDA:0,(anonymous_14)
FNDA:0,(anonymous_15)
FNDA:0,(anonymous_16)
FNDA:118,(anonymous_17)
FNDA:0,(anonymous_18)
FNDA:0,(anonymous_19)
FNDA:10,(anonymous_20)
FNDA:182,(anonymous_21)
FNDA:0,(anonymous_22)
FNDA:11,(anonymous_23)
FNDA:250,(anonymous_24)
FNDA:336,(anonymous_25)
FNDA:0,(anonymous_26)
FNDA:126,(anonymous_27)
FNDA:65,(anonymous_28)
FNDA:172,(anonymous_29)
FNDA:0,(anonymous_30)
FNDA:3,(anonymous_31)
FNDA:1,(anonymous_32)
FNDA:258,(anonymous_33)
FNDA:0,(anonymous_34)
FNDA:1,(anonymous_35)
FNDA:0,(anonymous_36)
FNDA:0,(anonymous_37)
FNDA:9,(anonymous_38)
FNDA:176,isArraylike
FNDA:1,(anonymous_40)
FNDA:64,(anonymous_41)
FNDA:0,(anonymous_42)
FNDA:0,(anonymous_43)
FNDA:0,(anonymous_44)
FNDA:71,(anonymous_45)
FNDA:0,(anonymous_46)
FNDA:71,Sizzle
FNDA:3,createCache
FNDA:0,cache
FNDA:11,markFunction
FNDA:10,assert
FNDA:0,addHandle
FNDA:0,siblingCheck
FNDA:5,createInputPseudo
FNDA:0,(anonymous_55)
FNDA:2,createButtonPseudo
FNDA:0,(anonymous_57)
FNDA:7,createPositionalPseudo
FNDA:0,(anonymous_59)
FNDA:0,(anonymous_60)
FNDA:0,testContext
FNDA:1,(anonymous_62)
FNDA:1,(anonymous_63)
FNDA:1,(anonymous_64)
FNDA:1,(anonymous_65)
FNDA:1,(anonymous_66)
FNDA:0,(anonymous_67)
FNDA:0,(anonymous_68)
FNDA:0,(anonymous_69)
FNDA:0,(anonymous_70)
FNDA:0,(anonymous_71)
FNDA:0,(anonymous_72)
FNDA:0,(anonymous_73)
FNDA:0,(anonymous_74)
FNDA:1,(anonymous_75)
FNDA:1,(anonymous_76)
FNDA:1,(anonymous_77)
FNDA:63,(anonymous_78)
FNDA:0,(anonymous_79)
FNDA:0,(anonymous_80)
FNDA:0,(anonymous_81)
FNDA:0,(anonymous_82)
FNDA:0,(anonymous_83)
FNDA:63,(anonymous_84)
FNDA:0,(anonymous_85)
FNDA:0,(anonymous_86)
FNDA:0,(anonymous_87)
FNDA:0,(anonymous_88)
FNDA:0,(anonymous_89)
FNDA:0,(anonymous_90)
FNDA:0,(anonymous_91)
FNDA:0,(anonymous_92)
FNDA:0,(anonymous_93)
FNDA:0,(anonymous_94)
FNDA:0,(anonymous_95)
FNDA:0,(anonymous_96)
FNDA:0,(anonymous_97)
FNDA:0,(anonymous_98)
FNDA:0,(anonymous_99)
FNDA:0,(anonymous_100)
FNDA:0,(anonymous_101)
FNDA:0,(anonymous_102)
FNDA:0,(anonymous_103)
FNDA:0,(anonymous_104)
FNDA:0,(anonymous_105)
FNDA:0,(anonymous_106)
FNDA:0,(anonymous_107)
FNDA:0,(anonymous_108)
FNDA:0,(anonymous_109)
FNDA:0,(anonymous_110)
FNDA:0,(anonymous_111)
FNDA:0,(anonymous_112)
FNDA:0,(anonymous_113)
FNDA:0,(anonymous_114)
FNDA:0,(anonymous_115)
FNDA:0,(anonymous_116)
FNDA:0,(anonymous_117)
FNDA:0,(anonymous_118)
FNDA:0,(anonymous_119)
FNDA:0,(anonymous_120)
FNDA:0,(anonymous_121)
FNDA:0,(anonymous_122)
FNDA:0,(anonymous_123)
FNDA:0,(anonymous_124)
FNDA:0,(anonymous_125)
FNDA:0,(anonymous_126)
FNDA:0,(anonymous_127)
FNDA:0,(anonymous_128)
FNDA:0,(anonymous_129)
FNDA:0,(anonymous_130)
FNDA:0,(anonymous_131)
FNDA:0,(anonymous_132)
FNDA:0,(anonymous_133)
FNDA:1,setFilters
FNDA:0,(anonymous_135)
FNDA:0,toSelector
FNDA:0,addCombinator
FNDA:0,(anonymous_138)
FNDA:0,(anonymous_139)
FNDA:0,elementMatcher
FNDA:0,(anonymous_141)
FNDA:0,multipleContexts
FNDA:0,condense
FNDA:0,setMatcher
FNDA:0,(anonymous_145)
FNDA:0,matcherFromTokens
FNDA:0,(anonymous_147)
FNDA:0,(anonymous_148)
FNDA:0,(anonymous_149)
FNDA:0,matcherFromGroupMatchers
FNDA:0,(anonymous_151)
FNDA:0,(anonymous_152)
FNDA:0,(anonymous_153)
FNDA:1,(anonymous_154)
FNDA:1,(anonymous_155)
FNDA:0,(anonymous_156)
FNDA:1,(anonymous_157)
FNDA:0,(anonymous_158)
FNDA:1,(anonymous_159)
FNDA:0,(anonymous_160)
FNDA:0,winnow
FNDA:0,(anonymous_162)
FNDA:0,(anonymous_163)
FNDA:0,(anonymous_164)
FNDA:0,(anonymous_165)
FNDA:0,(anonymous_166)
FNDA:71,(anonymous_167)
FNDA:0,(anonymous_168)
FNDA:0,(anonymous_169)
FNDA:0,(anonymous_170)
FNDA:0,(anonymous_171)
FNDA:282,(anonymous_172)
FNDA:0,(anonymous_173)
FNDA:0,(anonymous_174)
FNDA:0,(anonymous_175)
FNDA:0,(anonymous_176)
FNDA:0,(anonymous_177)
FNDA:0,(anonymous_178)
FNDA:0,(anonymous_179)
FNDA:0,(anonymous_180)
FNDA:0,sibling
FNDA:0,(anonymous_182)
FNDA:0,(anonymous_183)
FNDA:0,(anonymous_184)
FNDA:0,(anonymous_185)
FNDA:0,(anonymous_186)
FNDA:0,(anonymous_187)
FNDA:0,(anonymous_188)
FNDA:0,(anonymous_189)
FNDA:0,(anonymous_190)
FNDA:0,(anonymous_191)
FNDA:0,(anonymous_192)
FNDA:0,(anonymous_193)
FNDA:12,(anonymous_194)
FNDA:0,(anonymous_195)
FNDA:2,createOptions
FNDA:3,(anonymous_197)
FNDA:3,(anonymous_198)
FNDA:1,(anonymous_199)
FNDA:4,(anonymous_200)
FNDA:4,add
FNDA:8,(anonymous_202)
FNDA:0,(anonymous_203)
FNDA:0,(anonymous_204)
FNDA:0,(anonymous_205)
FNDA:0,(anonymous_206)
FNDA:2,(anonymous_207)
FNDA:0,(anonymous_208)
FNDA:1,(anonymous_209)
FNDA:0,(anonymous_210)
FNDA:1,(anonymous_211)
FNDA:0,(anonymous_212)
FNDA:0,(anonymous_213)
FNDA:1,(anonymous_214)
FNDA:0,(anonymous_215)
FNDA:0,(anonymous_216)
FNDA:0,(anonymous_217)
FNDA:0,(anonymous_218)
FNDA:0,(anonymous_219)
FNDA:0,(anonymous_220)
FNDA:4,(anonymous_221)
FNDA:3,(anonymous_222)
FNDA:1,(anonymous_223)
FNDA:0,(anonymous_224)
FNDA:0,(anonymous_225)
FNDA:0,(anonymous_226)
FNDA:0,(anonymous_227)
FNDA:2,(anonymous_228)
FNDA:0,(anonymous_229)
FNDA:1,(anonymous_230)
FNDA:1,completed
FNDA:3,(anonymous_232)
FNDA:68,(anonymous_233)
FNDA:0,(anonymous_234)
FNDA:336,(anonymous_235)
FNDA:2,Data
FNDA:0,(anonymous_237)
FNDA:336,(anonymous_238)
FNDA:2,(anonymous_239)
FNDA:210,(anonymous_240)
FNDA:4,(anonymous_241)
FNDA:124,(anonymous_242)
FNDA:125,(anonymous_243)
FNDA:0,(anonymous_244)
FNDA:0,dataAttr
FNDA:0,(anonymous_246)
FNDA:0,(anonymous_247)
FNDA:0,(anonymous_248)
FNDA:0,(anonymous_249)
FNDA:0,(anonymous_250)
FNDA:0,(anonymous_251)
FNDA:0,(anonymous_252)
FNDA:0,(anonymous_253)
FNDA:0,(anonymous_254)
FNDA:0,(anonymous_255)
FNDA:0,(anonymous_256)
FNDA:0,(anonymous_257)
FNDA:0,(anonymous_258)
FNDA:0,(anonymous_259)
FNDA:0,(anonymous_260)
FNDA:0,(anonymous_261)
FNDA:0,(anonymous_262)
FNDA:0,(anonymous_263)
FNDA:0,(anonymous_264)
FNDA:0,(anonymous_265)
FNDA:0,(anonymous_266)
FNDA:0,(anonymous_267)
FNDA:0,(anonymous_268)
FNDA:0,(anonymous_269)
FNDA:1,(anonymous_270)
FNDA:0,returnTrue
FNDA:5,returnFalse
FNDA:0,safeActiveElement
FNDA:79,(anonymous_274)
FNDA:1,(anonymous_275)
FNDA:125,(anonymous_276)
FNDA:1,(anonymous_277)
FNDA:1,(anonymous_278)
FNDA:1,(anonymous_279)
FNDA:0,(anonymous_280)
FNDA:0,(anonymous_281)
FNDA:1,(anonymous_282)
FNDA:0,(anonymous_283)
FNDA:0,(anonymous_284)
FNDA:0,(anonymous_285)
FNDA:0,(anonymous_286)
FNDA:0,(anonymous_287)
FNDA:0,(anonymous_288)
FNDA:62,(anonymous_289)
FNDA:2,(anonymous_290)
FNDA:0,(anonymous_291)
FNDA:0,(anonymous_292)
FNDA:0,(anonymous_293)
FNDA:4,(anonymous_294)
FNDA:0,(anonymous_295)
FNDA:2,(anonymous_296)
FNDA:0,(anonymous_297)
FNDA:2,(anonymous_298)
FNDA:0,(anonymous_299)
FNDA:79,(anonymous_300)
FNDA:0,(anonymous_301)
FNDA:79,(anonymous_302)
FNDA:0,(anonymous_303)
FNDA:63,(anonymous_304)
FNDA:63,(anonymous_305)
FNDA:0,(anonymous_306)
FNDA:0,(anonymous_307)
FNDA:1,(anonymous_308)
FNDA:1,manipulationTarget
FNDA:0,disableScript
FNDA:0,restoreScript
FNDA:0,setGlobalEval
FNDA:0,cloneCopyEvent
FNDA:64,getAll
FNDA:0,fixInput
FNDA:0,(anonymous_316)
FNDA:63,(anonymous_317)
FNDA:0,(anonymous_318)
FNDA:0,(anonymous_319)
FNDA:0,(anonymous_320)
FNDA:0,(anonymous_321)
FNDA:0,(anonymous_322)
FNDA:0,(anonymous_323)
FNDA:1,(anonymous_324)
FNDA:1,(anonymous_325)
FNDA:0,(anonymous_326)
FNDA:0,(anonymous_327)
FNDA:0,(anonymous_328)
FNDA:0,(anonymous_329)
FNDA:0,(anonymous_330)
FNDA:0,(anonymous_331)
FNDA:0,(anonymous_332)
FNDA:0,(anonymous_333)
FNDA:0,(anonymous_334)
FNDA:0,(anonymous_335)
FNDA:0,(anonymous_336)
FNDA:0,(anonymous_337)
FNDA:0,(anonymous_338)
FNDA:1,(anonymous_339)
FNDA:0,(anonymous_340)
FNDA:5,(anonymous_341)
FNDA:0,(anonymous_342)
FNDA:0,actualDisplay
FNDA:0,defaultDisplay
FNDA:0,(anonymous_345)
FNDA:0,curCSS
FNDA:3,addGetHookIf
FNDA:0,(anonymous_348)
FNDA:1,(anonymous_349)
FNDA:0,computePixelPositionAndBoxSizingReliable
FNDA:0,(anonymous_351)
FNDA:0,(anonymous_352)
FNDA:0,(anonymous_353)
FNDA:0,(anonymous_354)
FNDA:0,vendorPropName
FNDA:0,setPositiveNumber
FNDA:0,augmentWidthOrHeight
FNDA:0,getWidthOrHeight
FNDA:0,showHide
FNDA:0,(anonymous_360)
FNDA:0,(anonymous_361)
FNDA:0,(anonymous_362)
FNDA:2,(anonymous_363)
FNDA:0,(anonymous_364)
FNDA:0,(anonymous_365)
FNDA:0,(anonymous_366)
FNDA:0,(anonymous_367)
FNDA:3,(anonymous_368)
FNDA:0,(anonymous_369)
FNDA:0,(anonymous_370)
FNDA:0,(anonymous_371)
FNDA:0,(anonymous_372)
FNDA:0,(anonymous_373)
FNDA:0,(anonymous_374)
FNDA:0,(anonymous_375)
FNDA:0,Tween
FNDA:0,(anonymous_377)
FNDA:0,(anonymous_378)
FNDA:0,(anonymous_379)
FNDA:0,(anonymous_380)
FNDA:0,(anonymous_381)
FNDA:0,(anonymous_382)
FNDA:0,(anonymous_383)
FNDA:0,(anonymous_384)
FNDA:0,(anonymous_385)
FNDA:0,createFxNow
FNDA:0,(anonymous_387)
FNDA:3,genFx
FNDA:0,createTween
FNDA:0,defaultPrefilter
FNDA:0,(anonymous_391)
FNDA:0,(anonymous_392)
FNDA:0,(anonymous_393)
FNDA:0,(anonymous_394)
FNDA:0,(anonymous_395)
FNDA:0,(anonymous_396)
FNDA:0,propFilter
FNDA:0,Animation
FNDA:0,(anonymous_399)
FNDA:0,(anonymous_400)
FNDA:0,(anonymous_401)
FNDA:0,(anonymous_402)
FNDA:0,(anonymous_403)
FNDA:0,(anonymous_404)
FNDA:0,(anonymous_405)
FNDA:0,(anonymous_406)
FNDA:0,(anonymous_407)
FNDA:0,(anonymous_408)
FNDA:0,(anonymous_409)
FNDA:0,(anonymous_410)
FNDA:0,(anonymous_411)
FNDA:0,(anonymous_412)
FNDA:0,(anonymous_413)
FNDA:0,(anonymous_414)
FNDA:3,(anonymous_415)
FNDA:0,(anonymous_416)
FNDA:6,(anonymous_417)
FNDA:0,(anonymous_418)
FNDA:0,(anonymous_419)
FNDA:0,(anonymous_420)
FNDA:0,(anonymous_421)
FNDA:0,(anonymous_422)
FNDA:0,(anonymous_423)
FNDA:0,(anonymous_424)
FNDA:0,(anonymous_425)
FNDA:1,(anonymous_426)
FNDA:68,(anonymous_427)
FNDA:0,(anonymous_428)
FNDA:0,(anonymous_429)
FNDA:0,(anonymous_430)
FNDA:0,(anonymous_431)
FNDA:0,(anonymous_432)
FNDA:0,(anonymous_433)
FNDA:16,(anonymous_434)
FNDA:0,(anonymous_435)
FNDA:0,(anonymous_436)
FNDA:0,(anonymous_437)
FNDA:0,(anonymous_438)
FNDA:0,(anonymous_439)
FNDA:0,(anonymous_440)
FNDA:0,(anonymous_441)
FNDA:10,(anonymous_442)
FNDA:0,(anonymous_443)
FNDA:0,(anonymous_444)
FNDA:0,(anonymous_445)
FNDA:0,(anonymous_446)
FNDA:0,(anonymous_447)
FNDA:0,(anonymous_448)
FNDA:0,(anonymous_449)
FNDA:0,(anonymous_450)
FNDA:0,(anonymous_451)
FNDA:0,(anonymous_452)
FNDA:0,(anonymous_453)
FNDA:0,(anonymous_454)
FNDA:0,(anonymous_455)
FNDA:0,(anonymous_456)
FNDA:2,(anonymous_457)
FNDA:0,(anonymous_458)
FNDA:0,(anonymous_459)
FNDA:25,(anonymous_460)
FNDA:0,(anonymous_461)
FNDA:0,(anonymous_462)
FNDA:0,(anonymous_463)
FNDA:0,(anonymous_464)
FNDA:0,(anonymous_465)
FNDA:0,(anonymous_466)
FNDA:0,(anonymous_467)
FNDA:0,(anonymous_468)
FNDA:2,addToPrefiltersOrTransports
FNDA:4,(anonymous_470)
FNDA:0,inspectPrefiltersOrTransports
FNDA:0,inspect
FNDA:0,(anonymous_473)
FNDA:2,ajaxExtend
FNDA:0,ajaxHandleResponses
FNDA:0,ajaxConvert
FNDA:2,(anonymous_477)
FNDA:0,(anonymous_478)
FNDA:0,(anonymous_479)
FNDA:0,(anonymous_480)
FNDA:0,(anonymous_481)
FNDA:0,(anonymous_482)
FNDA:0,(anonymous_483)
FNDA:0,(anonymous_484)
FNDA:0,(anonymous_485)
FNDA:0,done
FNDA:0,(anonymous_487)
FNDA:0,(anonymous_488)
FNDA:2,(anonymous_489)
FNDA:0,(anonymous_490)
FNDA:0,(anonymous_491)
FNDA:0,(anonymous_492)
FNDA:0,(anonymous_493)
FNDA:0,(anonymous_494)
FNDA:0,(anonymous_495)
FNDA:0,(anonymous_496)
FNDA:0,(anonymous_497)
FNDA:0,(anonymous_498)
FNDA:0,(anonymous_499)
FNDA:0,(anonymous_500)
FNDA:0,(anonymous_501)
FNDA:0,(anonymous_502)
FNDA:0,(anonymous_503)
FNDA:0,buildParams
FNDA:0,(anonymous_505)
FNDA:0,(anonymous_506)
FNDA:0,(anonymous_507)
FNDA:0,(anonymous_508)
FNDA:0,(anonymous_509)
FNDA:0,(anonymous_510)
FNDA:0,(anonymous_511)
FNDA:0,(anonymous_512)
FNDA:0,(anonymous_513)
FNDA:0,(anonymous_514)
FNDA:1,(anonymous_515)
FNDA:0,(anonymous_516)
FNDA:0,(anonymous_517)
FNDA:0,(anonymous_518)
FNDA:0,(anonymous_519)
FNDA:0,(anonymous_520)
FNDA:0,(anonymous_521)
FNDA:0,(anonymous_522)
FNDA:0,(anonymous_523)
FNDA:0,(anonymous_524)
FNDA:0,(anonymous_525)
FNDA:0,(anonymous_526)
FNDA:0,(anonymous_527)
FNDA:0,(anonymous_528)
FNDA:0,(anonymous_529)
FNDA:0,(anonymous_530)
FNDA:0,(anonymous_531)
FNDA:0,(anonymous_532)
FNDA:62,(anonymous_533)
FNDA:0,(anonymous_534)
FNDA:0,(anonymous_535)
FNDA:0,(anonymous_536)
FNDA:6,(anonymous_537)
FNDA:0,(anonymous_538)
FNDA:0,(anonymous_539)
FNDA:0,(anonymous_540)
FNDA:0,getWindow
FNDA:0,(anonymous_542)
FNDA:0,(anonymous_543)
FNDA:0,(anonymous_544)
FNDA:0,(anonymous_545)
FNDA:0,(anonymous_546)
FNDA:0,(anonymous_547)
FNDA:2,(anonymous_548)
FNDA:0,(anonymous_549)
FNDA:0,(anonymous_550)
FNDA:2,(anonymous_551)
FNDA:0,(anonymous_552)
FNDA:2,(anonymous_553)
FNDA:6,(anonymous_554)
FNDA:0,(anonymous_555)
FNDA:0,(anonymous_556)
FNDA:0,(anonymous_557)
FNDA:0,(anonymous_558)
FNDA:0,(anonymous_559)
DA:15,1
DA:17,1
DA:25,0
DA:28,0
DA:29,0
DA:31,0
DA:34,1
DA:46,1
DA:48,1
DA:50,1
DA:52,1
DA:54,1
DA:56,1
DA:58,1
DA:60,1
DA:62,1
DA:66,1
DA:76,282
DA:89,0
DA:92,1
DA:105,0
DA:111,0
DA:125,71
DA:128,71
DA:129,71
DA:132,71
DA:139,145
DA:143,0
DA:144,0
DA:149,0
DA:153,0
DA:157,0
DA:161,0
DA:163,0
DA:167,0
DA:177,1
DA:178,118
DA:185,118
DA:186,5
DA:189,5
DA:190,5
DA:194,118
DA:195,0
DA:199,118
DA:200,28
DA:201,28
DA:204,118
DA:206,119
DA:208,39
DA:209,190
DA:210,190
DA:213,190
DA:214,0
DA:218,190
DA:219,3
DA:220,0
DA:221,0
DA:224,3
DA:228,3
DA:231,187
DA:232,187
DA:239,118
DA:242,1
DA:250,0
DA:256,10
DA:262,182
DA:270,0
DA:278,11
DA:279,5
DA:282,6
DA:284,0
DA:289,6
DA:293,250
DA:294,250
DA:295,126
DA:297,124
DA:301,336
DA:302,0
DA:305,336
DA:312,0
DA:315,0
DA:317,0
DA:321,0
DA:322,0
DA:323,0
DA:324,0
DA:328,0
DA:337,126
DA:341,65
DA:346,172
DA:351,172
DA:352,0
DA:353,0
DA:354,0
DA:356,0
DA:357,0
DA:361,0
DA:362,0
DA:364,0
DA:365,0
DA:372,172
DA:373,162
DA:374,233
DA:376,233
DA:377,0
DA:381,10
DA:382,42
DA:384,42
DA:385,0
DA:391,172
DA:396,0
DA:403,3
DA:405,3
DA:406,3
DA:407,0
DA:412,3
DA:416,3
DA:420,1
DA:424,258
DA:428,258
DA:429,187
DA:432,258
DA:434,258
DA:438,0
DA:446,0
DA:447,0
DA:448,0
DA:449,0
DA:453,0
DA:458,1
DA:465,1
DA:466,1
DA:467,0
DA:469,0
DA:470,0
DA:476,0
DA:477,0
DA:479,0
DA:480,0
DA:486,1
DA:495,0
DA:497,0
DA:498,0
DA:499,0
DA:500,0
DA:505,0
DA:506,0
DA:510,0
DA:511,0
DA:512,0
DA:516,0
DA:518,0
DA:529,1
DA:530,9
DA:533,1
DA:539,176
DA:542,176
DA:543,3
DA:546,173
DA:547,0
DA:550,173
DA:553,1
DA:566,1
DA:597,64
DA:598,7
DA:600,64
DA:616,0
DA:618,0
DA:619,0
DA:620,0
DA:623,0
DA:700,0
DA:704,0
DA:718,0
DA:722,1
DA:723,1
DA:729,0
DA:731,1
DA:735,71
DA:741,0
DA:744,0
DA:745,0
DA:750,1
DA:751,71
DA:755,71
DA:756,0
DA:759,71
DA:760,71
DA:761,71
DA:763,71
DA:766,0
DA:769,71
DA:772,71
DA:774,68
DA:775,0
DA:776,0
DA:779,0
DA:782,0
DA:783,0
DA:784,0
DA:787,0
DA:791,0
DA:793,0
DA:794,0
DA:799,68
DA:800,68
DA:801,68
DA:804,0
DA:805,0
DA:806,0
DA:811,3
DA:812,3
DA:813,3
DA:814,3
DA:820,3
DA:821,0
DA:823,0
DA:824,0
DA:826,0
DA:828,0
DA:830,0
DA:831,0
DA:832,0
DA:834,0
DA:835,0
DA:838,3
DA:839,3
DA:840,3
DA:843,3
DA:846,3
DA:847,0
DA:855,0
DA:864,1
DA:865,3
DA:867,1
DA:869,0
DA:871,0
DA:873,0
DA:875,3
DA:882,1
DA:883,11
DA:884,11
DA:891,1
DA:892,10
DA:894,10
DA:895,10
DA:897,2
DA:900,10
DA:901,2
DA:904,10
DA:913,1
DA:914,0
DA:917,0
DA:918,0
DA:928,1
DA:929,0
DA:935,0
DA:936,0
DA:940,0
DA:941,0
DA:942,0
DA:943,0
DA:948,0
DA:955,1
DA:956,5
DA:957,0
DA:958,0
DA:966,1
DA:967,2
DA:968,0
DA:969,0
DA:977,1
DA:978,7
DA:979,0
DA:980,0
DA:981,0
DA:986,0
DA:987,0
DA:988,0
DA:1000,1
DA:1001,0
DA:1005,1
DA:1012,1
DA:1015,1
DA:1016,1
DA:1024,1
DA:1025,1
DA:1029,1
DA:1030,0
DA:1034,1
DA:1035,1
DA:1036,1
DA:1042,1
DA:1044,1
DA:1045,1
DA:1046,0
DA:1047,0
DA:1053,1
DA:1061,1
DA:1062,1
DA:1063,1
DA:1070,1
DA:1071,1
DA:1072,1
DA:1076,1
DA:1082,1
DA:1083,1
DA:1084,1
DA:1088,1
DA:1089,1
DA:1090,0
DA:1091,0
DA:1094,0
DA:1097,1
DA:1098,0
DA:1099,0
DA:1100,0
DA:1106,0
DA:1108,0
DA:1109,0
DA:1110,0
DA:1111,0
DA:1112,0
DA:1118,1
DA:1120,0
DA:1121,0
DA:1124,0
DA:1125,0
DA:1130,0
DA:1137,0
DA:1138,0
DA:1139,0
DA:1140,0
DA:1144,0
DA:1146,0
DA:1150,1
DA:1151,0
DA:1152,0
DA:1162,1
DA:1169,1
DA:1171,1
DA:1174,1
DA:1180,1
DA:1188,1
DA:1189,0
DA:1194,1
DA:1195,0
DA:1199,1
DA:1200,1
DA:1206,1
DA:1207,1
DA:1213,1
DA:1214,0
DA:1218,1
DA:1221,1
DA:1222,1
DA:1223,1
DA:1227,1
DA:1228,0
DA:1233,1
DA:1234,0
DA:1238,1
DA:1239,0
DA:1243,1
DA:1249,1
DA:1252,1
DA:1256,1
DA:1257,0
DA:1261,1
DA:1262,1
DA:1266,1
DA:1271,1
DA:1273,63
DA:1275,63
DA:1282,0
DA:1283,0
DA:1284,0
DA:1285,0
DA:1289,0
DA:1296,1
DA:1300,0
DA:1301,0
DA:1302,0
DA:1306,0
DA:1307,0
DA:1308,0
DA:1312,0
DA:1319,0
DA:1323,0
DA:1324,0
DA:1326,0
DA:1327,0
DA:1331,0
DA:1336,0
DA:1340,0
DA:1341,0
DA:1342,0
DA:1345,0
DA:1353,0
DA:1354,0
DA:1363,0
DA:1364,0
DA:1368,0
DA:1369,0
DA:1370,0
DA:1372,0
DA:1373,0
DA:1374,0
DA:1378,0
DA:1379,0
DA:1382,0
DA:1392,1
DA:1395,1
DA:1396,0
DA:1399,1
DA:1401,0
DA:1402,0
DA:1406,0
DA:1408,0
DA:1412,0
DA:1413,0
DA:1416,0
DA:1420,0
DA:1425,0
DA:1428,1
DA:1430,63
DA:1431,0
DA:1433,63
DA:1436,1
DA:1438,0
DA:1439,0
DA:1442,0
DA:1448,0
DA:1457,1
DA:1458,0
DA:1465,1
DA:1466,0
DA:1472,0
DA:1473,0
DA:1474,0
DA:1476,0
DA:1477,0
DA:1478,0
DA:1479,0
DA:1482,0
DA:1483,0
DA:1489,0
DA:1491,0
DA:1498,1
DA:1499,0
DA:1504,0
DA:1506,0
DA:1508,0
DA:1510,0
DA:1513,0
DA:1514,0
DA:1517,0
DA:1518,0
DA:1521,0
DA:1522,0
DA:1526,0
DA:1529,1
DA:1551,0
DA:1554,0
DA:1556,0
DA:1557,0
DA:1560,0
DA:1574,0
DA:1576,0
DA:1578,0
DA:1579,0
DA:1584,0
DA:1585,0
DA:1588,0
DA:1589,0
DA:1592,0
DA:1596,0
DA:1599,0
DA:1600,0
DA:1604,0
DA:1605,0
DA:1608,0
DA:1615,0
DA:1616,0
DA:1620,0
DA:1627,0
DA:1628,0
DA:1629,0
DA:1631,0
DA:1636,0
DA:1638,0
DA:1641,0
DA:1646,0
DA:1647,0
DA:1649,0
DA:1650,0
DA:1652,0
DA:1653,0
DA:1656,0
DA:1658,0
DA:1670,0
DA:1674,0
DA:1678,0
DA:1682,0
DA:1688,0
DA:1691,0
DA:1692,0
DA:1693,0
DA:1694,0
DA:1695,0
DA:1696,0
DA:1700,0
DA:1702,0
DA:1705,0
DA:1708,0
DA:1710,0
DA:1711,0
DA:1712,0
DA:1713,0
DA:1714,0
DA:1716,0
DA:1722,0
DA:1723,0
DA:1724,0
DA:1729,0
DA:1730,0
DA:1735,0
DA:1738,0
DA:1740,0
DA:1741,0
DA:1744,0
DA:1745,0
DA:1752,0
DA:1753,0
DA:1763,0
DA:1770,0
DA:1771,0
DA:1775,0
DA:1776,0
DA:1777,0
DA:1779,0
DA:1782,0
DA:1783,0
DA:1784,0
DA:1788,0
DA:1792,0
DA:1802,0
DA:1806,0
DA:1808,0
DA:1813,0
DA:1814,0
DA:1815,0
DA:1820,0
DA:1821,0
DA:1823,0
DA:1824,0
DA:1829,0
DA:1830,0
DA:1835,0
DA:1836,0
DA:1837,0
DA:1850,0
DA:1851,0
DA:1853,0
DA:1854,0
DA:1855,0
DA:1856,0
DA:1857,0
DA:1861,0
DA:1862,0
DA:1865,0
DA:1871,0
DA:1872,0
DA:1876,0
DA:1880,0
DA:1885,0
DA:1889,0
DA:1895,0
DA:1896,0
DA:1902,0
DA:1903,0
DA:1906,0
DA:1915,0
DA:1916,0
DA:1917,0
DA:1920,0
DA:1924,0
DA:1929,0
DA:1933,0
DA:1937,0
DA:1938,0
DA:1942,0
DA:1943,0
DA:1953,0
DA:1957,0
DA:1961,0
DA:1965,0
DA:1966,0
DA:1967,0
DA:1969,0
DA:1973,0
DA:1974,0
DA:1975,0
DA:1977,0
DA:1981,0
DA:1982,0
DA:1983,0
DA:1985,0
DA:1989,0
DA:1990,0
DA:1991,0
DA:1993,0
DA:1998,1
DA:2001,1
DA:2002,5
DA:2004,1
DA:2005,2
DA:2009,1
DA:2010,1
DA:2011,1
DA:2013,1
DA:2014,0
DA:2018,0
DA:2019,0
DA:2022,0
DA:2023,0
DA:2024,0
DA:2026,0
DA:2029,0
DA:2030,0
DA:2032,0
DA:2034,0
DA:2037,0
DA:2040,0
DA:2041,0
DA:2042,0
DA:2047,0
DA:2051,0
DA:2052,0
DA:2054,0
DA:2055,0
DA:2060,0
DA:2064,0
DA:2065,0
DA:2072,0
DA:2080,1
DA:2081,0
DA:2084,0
DA:2085,0
DA:2087,0
DA:2090,1
DA:2091,0
DA:2095,0
DA:2098,0
DA:2099,0
DA:2100,0
DA:2107,0
DA:2111,0
DA:2112,0
DA:2113,0
DA:2114,0
DA:2115,0
DA:2120,0
DA:2121,0
DA:2122,0
DA:2123,0
DA:2127,0
DA:2130,0
DA:2133,0
DA:2134,0
DA:2143,1
DA:2144,0
DA:2146,0
DA:2147,0
DA:2148,0
DA:2149,0
DA:2152,0
DA:2157,1
DA:2158,0
DA:2160,0
DA:2161,0
DA:2163,0
DA:2166,1
DA:2167,0
DA:2173,0
DA:2174,0
DA:2175,0
DA:2176,0
DA:2177,0
DA:2178,0
DA:2184,0
DA:2187,1
DA:2188,0
DA:2189,0
DA:2191,0
DA:2192,0
DA:2194,0
DA:2195,0
DA:2220,0
DA:2221,0
DA:2225,0
DA:2226,0
DA:2227,0
DA:2230,0
DA:2231,0
DA:2232,0
DA:2233,0
DA:2238,0
DA:2239,0
DA:2240,0
DA:2242,0
DA:2243,0
DA:2244,0
DA:2245,0
DA:2247,0
DA:2250,0
DA:2254,0
DA:2255,0
DA:2256,0
DA:2259,0
DA:2266,0
DA:2271,0
DA:2272,0
DA:2274,0
DA:2280,1
DA:2281,0
DA:2289,0
DA:2292,0
DA:2295,0
DA:2300,0
DA:2301,0
DA:2304,0
DA:2305,0
DA:2306,0
DA:2308,0
DA:2311,0
DA:2313,0
DA:2314,0
DA:2315,0
DA:2316,0
DA:2319,0
DA:2331,0
DA:2335,0
DA:2338,1
DA:2339,0
DA:2342,0
DA:2354,0
DA:2355,0
DA:2362,0
DA:2363,0
DA:2364,0
DA:2365,0
DA:2366,0
DA:2367,0
DA:2368,0
DA:2371,0
DA:2372,0
DA:2377,0
DA:2379,0
DA:2380,0
DA:2384,0
DA:2385,0
DA:2391,0
DA:2392,0
DA:2393,0
DA:2394,0
DA:2395,0
DA:2398,0
DA:2400,0
DA:2401,0
DA:2402,0
DA:2403,0
DA:2409,0
DA:2413,0
DA:2416,0
DA:2419,0
DA:2424,0
DA:2425,0
DA:2426,0
DA:2429,0
DA:2432,0
DA:2437,1
DA:2438,0
DA:2443,0
DA:2445,0
DA:2446,0
DA:2448,0
DA:2449,0
DA:2450,0
DA:2451,0
DA:2452,0
DA:2454,0
DA:2459,0
DA:2462,0
DA:2464,0
DA:2476,1
DA:2477,0
DA:2481,0
DA:2484,0
DA:2487,0
DA:2488,0
DA:2492,0
DA:2493,0
DA:2494,0
DA:2497,0
DA:2498,0
DA:2501,0
DA:2505,0
DA:2506,0
DA:2507,0
DA:2510,0
DA:2511,0
DA:2513,0
DA:2515,0
DA:2521,0
DA:2522,0
DA:2523,0
DA:2524,0
DA:2525,0
DA:2528,0
DA:2536,0
DA:2543,0
DA:2549,1
DA:2553,1
DA:2556,1
DA:2560,1
DA:2562,1
DA:2568,1
DA:2569,1
DA:2570,1
DA:2572,0
DA:2573,0
DA:2574,0
DA:2581,1
DA:2582,1
DA:2583,1
DA:2584,1
DA:2586,0
DA:2587,0
DA:2588,0
DA:2595,1
DA:2596,1
DA:2598,0
DA:2599,0
DA:2600,0
DA:2601,0
DA:2609,1
DA:2615,1
DA:2616,1
DA:2617,1
DA:2618,1
DA:2619,1
DA:2620,1
DA:2621,1
DA:2625,1
DA:2627,1
DA:2631,1
DA:2634,1
DA:2635,0
DA:2636,0
DA:2638,0
DA:2643,0
DA:2644,0
DA:2645,0
DA:2650,0
DA:2651,0
DA:2652,0
DA:2655,0
DA:2658,0
DA:2659,0
DA:2663,1
DA:2664,0
DA:2666,0
DA:2667,0
DA:2670,0
DA:2673,0
DA:2677,1
DA:2679,71
DA:2684,71
DA:2685,0
DA:2686,0
DA:2687,0
DA:2688,0
DA:2694,71
DA:2695,71
DA:2699,71
DA:2700,71
DA:2701,71
DA:2704,0
DA:2707,0
DA:2710,0
DA:2728,1
DA:2736,282
DA:2739,282
DA:2740,71
DA:2744,211
DA:2745,65
DA:2747,62
DA:2750,3
DA:2754,65
DA:2757,62
DA:2758,62
DA:2762,62
DA:2769,62
DA:2770,0
DA:2772,0
DA:2773,0
DA:2777,0
DA:2782,62
DA:2786,0
DA:2790,0
DA:2792,0
DA:2793,0
DA:2796,0
DA:2797,0
DA:2798,0
DA:2802,3
DA:2803,3
DA:2808,0
DA:2812,146
DA:2813,142
DA:2814,142
DA:2815,142
DA:2819,4
DA:2820,1
DA:2826,3
DA:2827,0
DA:2828,0
DA:2831,3
DA:2835,1
DA:2838,1
DA:2841,1
DA:2850,1
DA:2852,0
DA:2855,0
DA:2856,0
DA:2857,0
DA:2858,0
DA:2860,0
DA:2863,0
DA:2867,0
DA:2869,0
DA:2870,0
DA:2871,0
DA:2875,0
DA:2879,1
DA:2881,0
DA:2884,0
DA:2885,0
DA:2886,0
DA:2887,0
DA:2888,0
DA:2895,0
DA:2903,0
DA:2904,0
DA:2906,0
DA:2913,0
DA:2914,0
DA:2919,0
DA:2926,0
DA:2927,0
DA:2931,0
DA:2932,0
DA:2936,0
DA:2944,0
DA:2952,0
DA:2958,1
DA:2959,0
DA:2960,0
DA:2963,1
DA:2965,0
DA:2966,0
DA:2969,0
DA:2972,0
DA:2975,0
DA:2978,0
DA:2981,0
DA:2984,0
DA:2987,0
DA:2990,0
DA:2993,0
DA:2996,0
DA:2999,0
DA:3002,12
DA:3003,0
DA:3005,0
DA:3006,0
DA:3009,0
DA:3010,0
DA:3013,0
DA:3015,0
DA:3016,0
DA:3020,0
DA:3021,0
DA:3025,0
DA:3028,1
DA:3033,1
DA:3036,1
DA:3037,2
DA:3038,2
DA:3039,3
DA:3041,2
DA:3066,1
DA:3070,3
DA:3074,3
DA:3092,1
DA:3093,1
DA:3094,1
DA:3095,1
DA:3096,1
DA:3097,1
DA:3098,1
DA:3099,5
DA:3100,0
DA:3101,0
DA:3104,1
DA:3105,1
DA:3106,1
DA:3107,0
DA:3108,0
DA:3110,1
DA:3111,1
DA:3113,0
DA:3121,4
DA:3123,4
DA:3124,4
DA:3125,4
DA:3126,8
DA:3127,8
DA:3128,8
DA:3129,8
DA:3131,0
DA:3133,0
DA:3139,4
DA:3140,0
DA:3143,4
DA:3144,0
DA:3145,0
DA:3148,4
DA:3152,0
DA:3153,0
DA:3154,0
DA:3155,0
DA:3156,0
DA:3158,0
DA:3159,0
DA:3160,0
DA:3162,0
DA:3163,0
DA:3169,0
DA:3174,0
DA:3178,0
DA:3179,0
DA:3180,0
DA:3184,2
DA:3185,2
DA:3189,0
DA:3193,1
DA:3194,1
DA:3195,1
DA:3197,1
DA:3201,0
DA:3205,1
DA:3206,1
DA:3207,1
DA:3208,1
DA:3209,0
DA:3211,1
DA:3214,1
DA:3218,0
DA:3219,0
DA:3223,0
DA:3227,3
DA:3231,1
DA:3234,1
DA:3243,0
DA:3246,0
DA:3247,0
DA:3250,0
DA:3251,0
DA:3252,0
DA:3253,0
DA:3255,0
DA:3256,0
DA:3257,0
DA:3258,0
DA:3263,0
DA:3267,0
DA:3273,4
DA:3279,1
DA:3282,1
DA:3283,3
DA:3287,3
DA:3290,3
DA:3291,2
DA:3293,1
DA:3300,3
DA:3301,0
DA:3302,0
DA:3304,3
DA:3308,1
DA:3311,1
DA:3312,0
DA:3316,1
DA:3321,0
DA:3333,0
DA:3334,0
DA:3335,0
DA:3336,0
DA:3337,0
DA:3338,0
DA:3339,0
DA:3347,0
DA:3348,0
DA:3349,0
DA:3350,0
DA:3351,0
DA:3352,0
DA:3353,0
DA:3358,0
DA:3364,0
DA:3365,0
DA:3368,0
DA:3374,1
DA:3376,1
DA:3378,2
DA:3380,2
DA:3383,1
DA:3393,0
DA:3394,0
DA:3396,0
DA:3404,1
DA:3405,0
DA:3409,1
DA:3412,1
DA:3413,0
DA:3417,1
DA:3420,1
DA:3421,1
DA:3422,1
DA:3430,1
DA:3431,1
DA:3432,1
DA:3433,1
DA:3436,1
DA:3437,3
DA:3439,1
DA:3444,1
DA:3446,0
DA:3451,1
DA:3454,1
DA:3457,3
DA:3461,1
DA:3468,1
DA:3469,68
DA:3474,68
DA:3475,0
DA:3476,0
DA:3477,0
DA:3481,68
DA:3482,0
DA:3484,0
DA:3485,0
DA:3488,0
DA:3490,0
DA:3491,0
DA:3492,0
DA:3496,0
DA:3497,0
DA:3498,0
DA:3503,0
DA:3504,0
DA:3505,0
DA:3510,68
DA:3523,1
DA:3531,336
DA:3535,1
DA:3539,2
DA:3541,0
DA:3545,2
DA:3548,1
DA:3549,1
DA:3551,1
DA:3556,336
DA:3557,0
DA:3560,336
DA:3565,336
DA:3566,64
DA:3569,64
DA:3570,64
DA:3571,64
DA:3576,0
DA:3577,0
DA:3582,336
DA:3583,64
DA:3586,336
DA:3589,2
DA:3597,2
DA:3598,2
DA:3603,0
DA:3604,0
DA:3607,0
DA:3608,0
DA:3612,2
DA:3619,210
DA:3621,210
DA:3625,4
DA:3637,4
DA:3640,2
DA:3642,2
DA:3652,2
DA:3656,2
DA:3659,124
DA:3663,124
DA:3664,0
DA:3668,124
DA:3675,0
DA:3677,124
DA:3679,124
DA:3680,62
DA:3684,62
DA:3685,62
DA:3690,124
DA:3691,124
DA:3692,186
DA:3697,125
DA:3702,0
DA:3703,0
DA:3707,1
DA:3709,1
DA:3723,1
DA:3726,1
DA:3727,0
DA:3731,0
DA:3732,0
DA:3733,0
DA:3735,0
DA:3736,0
DA:3737,0
DA:3747,0
DA:3749,0
DA:3752,0
DA:3755,1
DA:3757,0
DA:3761,0
DA:3765,0
DA:3771,0
DA:3775,0
DA:3779,1
DA:3781,0
DA:3786,0
DA:3787,0
DA:3788,0
DA:3790,0
DA:3791,0
DA:3792,0
DA:3796,0
DA:3797,0
DA:3798,0
DA:3799,0
DA:3800,0
DA:3804,0
DA:3808,0
DA:3812,0
DA:3813,0
DA:3814,0
DA:3818,0
DA:3819,0
DA:3827,0
DA:3830,0
DA:3831,0
DA:3832,0
DA:3837,0
DA:3838,0
DA:3839,0
DA:3844,0
DA:3845,0
DA:3846,0
DA:3850,0
DA:3854,0
DA:3857,0
DA:3862,0
DA:3867,0
DA:3868,0
DA:3875,0
DA:3876,0
DA:3882,1
DA:3884,0
DA:3886,0
DA:3887,0
DA:3888,0
DA:3891,0
DA:3892,0
DA:3893,0
DA:3895,0
DA:3898,0
DA:3903,0
DA:3905,0
DA:3910,0
DA:3914,0
DA:3915,0
DA:3916,0
DA:3919,0
DA:3923,0
DA:3924,0
DA:3928,0
DA:3929,0
DA:3932,0
DA:3933,0
DA:3939,0
DA:3940,0
DA:3942,0
DA:3948,1
DA:3950,0
DA:3952,0
DA:3953,0
DA:3954,0
DA:3955,0
DA:3958,0
DA:3959,0
DA:3962,0
DA:3965,0
DA:3968,0
DA:3970,0
DA:3971,0
DA:3976,0
DA:3977,0
DA:3981,0
DA:3986,0
DA:3992,0
DA:3993,0
DA:3997,0
DA:3998,0
DA:3999,0
DA:4001,0
DA:4003,0
DA:4004,0
DA:4005,0
DA:4006,0
DA:4007,0
DA:4010,0
DA:4011,0
DA:4014,1
DA:4016,1
DA:4018,1
DA:4021,0
DA:4022,0
DA:4025,1
DA:4029,1
DA:4030,1
DA:4038,1
DA:4039,1
DA:4040,1
DA:4042,1
DA:4046,1
DA:4050,1
DA:4051,1
DA:4053,1
DA:4057,1
DA:4060,1
DA:4066,1
DA:4067,0
DA:4070,1
DA:4071,5
DA:4074,1
DA:4075,0
DA:4076,0
DA:4084,1
DA:4090,79
DA:4096,79
DA:4097,0
DA:4101,79
DA:4102,0
DA:4103,0
DA:4104,0
DA:4108,79
DA:4109,76
DA:4113,79
DA:4114,64
DA:4116,79
DA:4117,64
DA:4120,1
DA:4126,79
DA:4127,79
DA:4128,79
DA:4129,80
DA:4130,80
DA:4131,80
DA:4134,80
DA:4135,0
DA:4139,80
DA:4142,80
DA:4145,80
DA:4148,80
DA:4160,80
DA:4161,67
DA:4162,67
DA:4165,67
DA:4166,65
DA:4167,65
DA:4172,80
DA:4173,0
DA:4175,0
DA:4176,0
DA:4181,80
DA:4182,14
DA:4184,66
DA:4188,80
DA:4196,125
DA:4201,125
DA:4202,0
DA:4206,125
DA:4207,125
DA:4208,125
DA:4209,125
DA:4210,125
DA:4211,125
DA:4214,125
DA:4215,62
DA:4216,62
DA:4218,62
DA:4221,63
DA:4222,63
DA:4223,63
DA:4224,63
DA:4227,63
DA:4228,63
DA:4229,62
DA:4231,62
DA:4235,62
DA:4237,62
DA:4238,0
DA:4240,62
DA:4241,0
DA:4248,63
DA:4249,62
DA:4250,62
DA:4253,62
DA:4258,125
DA:4259,124
DA:4260,124
DA:4266,1
DA:4271,1
DA:4274,1
DA:4275,0
DA:4279,1
DA:4280,0
DA:4283,1
DA:4285,0
DA:4286,0
DA:4287,0
DA:4289,1
DA:4292,1
DA:4297,1
DA:4298,1
DA:4299,1
DA:4304,1
DA:4305,1
DA:4306,1
DA:4310,1
DA:4315,1
DA:4316,1
DA:4317,0
DA:4322,1
DA:4324,0
DA:4325,0
DA:4326,0
DA:4328,0
DA:4329,0
DA:4330,0
DA:4334,0
DA:4335,0
DA:4340,1
DA:4341,1
DA:4343,1
DA:4348,1
DA:4349,1
DA:4350,0
DA:4354,1
DA:4355,1
DA:4356,0
DA:4357,0
DA:4358,0
DA:4362,1
DA:4365,1
DA:4367,0
DA:4372,0
DA:4375,0
DA:4377,0
DA:4378,0
DA:4382,0
DA:4383,0
DA:4384,0
DA:4386,0
DA:4387,0
DA:4393,1
DA:4399,1
DA:4401,1
DA:4408,1
DA:4409,1
DA:4412,1
DA:4413,0
DA:4417,1
DA:4420,1
DA:4421,1
DA:4422,1
DA:4424,1
DA:4425,1
DA:4429,3
DA:4431,3
DA:4432,3
DA:4434,3
DA:4437,3
DA:4438,0
DA:4439,0
DA:4440,0
DA:4448,1
DA:4449,0
DA:4452,1
DA:4456,1
DA:4464,1
DA:4466,0
DA:4469,0
DA:4470,0
DA:4471,0
DA:4472,0
DA:4475,0
DA:4477,0
DA:4478,0
DA:4482,0
DA:4483,0
DA:4486,0
DA:4487,0
DA:4494,1
DA:4495,1
DA:4498,1
DA:4511,0
DA:4512,0
DA:4515,0
DA:4522,0
DA:4526,0
DA:4527,0
DA:4528,0
DA:4529,0
DA:4531,0
DA:4532,0
DA:4537,0
DA:4538,0
DA:4541,0
DA:4546,1
DA:4547,0
DA:4551,1
DA:4556,1
DA:4557,1
DA:4562,1
DA:4564,1
DA:4566,1
DA:4567,1
DA:4568,13
DA:4569,13
DA:4574,1
DA:4575,0
DA:4580,1
DA:4581,0
DA:4584,1
DA:4595,0
DA:4596,0
DA:4597,0
DA:4604,0
DA:4605,0
DA:4606,0
DA:4614,0
DA:4615,0
DA:4616,0
DA:4622,0
DA:4631,0
DA:4632,0
DA:4642,0
DA:4651,0
DA:4652,0
DA:4654,0
DA:4656,0
DA:4657,0
DA:4662,1
DA:4663,62
DA:4664,62
DA:4668,1
DA:4670,2
DA:4671,0
DA:4675,2
DA:4676,1
DA:4677,1
DA:4681,1
DA:4690,1
DA:4694,2
DA:4695,0
DA:4699,2
DA:4702,2
DA:4707,1
DA:4713,0
DA:4715,0
DA:4717,0
DA:4718,0
DA:4722,0
DA:4724,0
DA:4726,0
DA:4727,0
DA:4731,0
DA:4733,0
DA:4735,0
DA:4736,0
DA:4739,0
DA:4745,1
DA:4751,4
DA:4756,0
DA:4763,0
DA:4764,0
DA:4765,0
DA:4766,0
DA:4768,0
DA:4775,1
DA:4776,1
DA:4779,2
DA:4780,0
DA:4783,2
DA:4785,2
DA:4788,2
DA:4789,2
DA:4791,2
DA:4794,0
DA:4797,0
DA:4798,0
DA:4799,0
DA:4802,0
DA:4809,1
DA:4812,79
DA:4815,79
DA:4817,0
DA:4819,0
DA:4820,0
DA:4822,0
DA:4823,0
DA:4825,0
DA:4828,79
DA:4830,66
DA:4831,66
DA:4832,13
DA:4833,13
DA:4835,13
DA:4836,13
DA:4839,0
DA:4840,0
DA:4841,0
DA:4844,79
DA:4845,0
DA:4846,79
DA:4847,0
DA:4850,79
DA:4851,0
DA:4852,0
DA:4854,0
DA:4855,0
DA:4858,0
DA:4860,79
DA:4861,79
DA:4865,0
DA:4868,63
DA:4869,63
DA:4871,0
DA:4872,0
DA:4877,0
DA:4879,63
DA:4881,0
DA:4882,0
DA:4884,0
DA:4886,63
DA:4888,0
DA:4889,0
DA:4891,63
DA:4892,0
DA:4894,63
DA:4895,63
DA:4900,0
DA:4901,0
DA:4905,1
DA:4906,1
DA:4907,1
DA:4913,1
DA:4939,1
DA:4941,1
DA:4942,1
DA:4946,1
DA:4947,1
DA:4956,1
DA:4957,0
DA:4958,0
DA:4960,1
DA:4961,0
DA:4963,0
DA:4964,0
DA:4966,0
DA:4969,0
DA:4973,1
DA:4974,0
DA:4977,0
DA:4978,0
DA:4984,1
DA:4985,0
DA:4987,0
DA:4988,0
DA:4992,0
DA:4993,0
DA:4994,0
DA:4995,0
DA:4997,0
DA:4998,0
DA:4999,0
DA:5001,0
DA:5002,0
DA:5003,0
DA:5010,0
DA:5011,0
DA:5012,0
DA:5014,0
DA:5018,1
DA:5019,64
DA:5023,64
DA:5029,1
DA:5030,0
DA:5033,0
DA:5034,0
DA:5037,0
DA:5038,0
DA:5042,1
DA:5044,0
DA:5049,0
DA:5053,0
DA:5054,0
DA:5056,0
DA:5057,0
DA:5062,0
DA:5063,0
DA:5064,0
DA:5065,0
DA:5067,0
DA:5068,0
DA:5071,0
DA:5076,0
DA:5077,0
DA:5078,0
DA:5082,0
DA:5086,63
DA:5092,63
DA:5093,63
DA:5095,63
DA:5098,63
DA:5101,0
DA:5104,63
DA:5105,0
DA:5109,63
DA:5112,63
DA:5113,63
DA:5114,63
DA:5117,63
DA:5118,63
DA:5119,0
DA:5124,63
DA:5127,63
DA:5130,63
DA:5136,63
DA:5138,63
DA:5139,63
DA:5143,63
DA:5144,0
DA:5147,63
DA:5150,63
DA:5153,63
DA:5154,0
DA:5158,63
DA:5159,0
DA:5160,0
DA:5161,0
DA:5162,0
DA:5168,63
DA:5172,0
DA:5176,0
DA:5177,0
DA:5178,0
DA:5180,0
DA:5181,0
DA:5182,0
DA:5183,0
DA:5184,0
DA:5188,0
DA:5192,0
DA:5194,0
DA:5199,0
DA:5204,1
DA:5206,0
DA:5207,0
DA:5210,0
DA:5211,0
DA:5218,0
DA:5219,0
DA:5220,0
DA:5221,0
DA:5227,1
DA:5228,1
DA:5229,1
DA:5230,1
DA:5236,0
DA:5237,0
DA:5238,0
DA:5244,0
DA:5245,0
DA:5246,0
DA:5252,0
DA:5256,0
DA:5257,0
DA:5258,0
DA:5261,0
DA:5262,0
DA:5263,0
DA:5265,0
DA:5269,0
DA:5273,0
DA:5276,0
DA:5277,0
DA:5280,0
DA:5283,0
DA:5287,0
DA:5291,0
DA:5292,0
DA:5294,0
DA:5295,0
DA:5300,0
DA:5301,0
DA:5305,0
DA:5306,0
DA:5310,0
DA:5313,0
DA:5315,0
DA:5316,0
DA:5317,0
DA:5320,0
DA:5321,0
DA:5322,0
DA:5326,0
DA:5332,0
DA:5333,0
DA:5339,0
DA:5342,0
DA:5343,0
DA:5345,0
DA:5347,0
DA:5348,0
DA:5353,0
DA:5357,0
DA:5363,1
DA:5365,1
DA:5374,1
DA:5377,0
DA:5378,0
DA:5379,0
DA:5380,0
DA:5382,0
DA:5386,1
DA:5387,1
DA:5388,1
DA:5390,1
DA:5391,1
DA:5394,1
DA:5395,1
DA:5396,1
DA:5400,1
DA:5401,1
DA:5403,1
DA:5404,0
DA:5407,0
DA:5410,0
DA:5414,1
DA:5417,1
DA:5418,0
DA:5421,0
DA:5424,0
DA:5425,0
DA:5426,0
DA:5429,0
DA:5431,0
DA:5432,0
DA:5435,0
DA:5443,1
DA:5447,1
DA:5454,5
DA:5455,0
DA:5461,0
DA:5462,0
DA:5463,0
DA:5467,0
DA:5470,0
DA:5475,1
DA:5484,1
DA:5485,0
DA:5497,0
DA:5499,0
DA:5506,1
DA:5507,0
DA:5510,0
DA:5511,0
DA:5514,0
DA:5517,0
DA:5520,0
DA:5523,0
DA:5524,0
DA:5526,0
DA:5527,0
DA:5531,0
DA:5534,0
DA:5536,1
DA:5538,1
DA:5540,1
DA:5544,0
DA:5545,0
DA:5548,0
DA:5553,1
DA:5554,0
DA:5557,0
DA:5561,0
DA:5562,0
DA:5565,0
DA:5567,0
DA:5568,0
DA:5575,0
DA:5578,0
DA:5579,0
DA:5580,0
DA:5583,0
DA:5584,0
DA:5587,0
DA:5588,0
DA:5589,0
DA:5593,0
DA:5601,1
DA:5603,3
DA:5605,0
DA:5608,0
DA:5609,0
DA:5613,0
DA:5619,1
DA:5620,1
DA:5625,1
DA:5626,0
DA:5631,1
DA:5632,1
DA:5633,1
DA:5635,1
DA:5637,1
DA:5641,1
DA:5642,0
DA:5648,0
DA:5649,0
DA:5651,0
DA:5652,0
DA:5653,0
DA:5655,0
DA:5660,1
DA:5661,1
DA:5667,0
DA:5668,0
DA:5671,0
DA:5672,0
DA:5674,0
DA:5683,0
DA:5687,0
DA:5692,0
DA:5693,0
DA:5694,0
DA:5696,0
DA:5698,0
DA:5699,0
DA:5701,0
DA:5709,1
DA:5710,0
DA:5714,0
DA:5715,0
DA:5716,0
DA:5719,0
DA:5722,0
DA:5723,0
DA:5726,0
DA:5730,1
DA:5746,1
DA:5749,0
DA:5750,0
DA:5754,0
DA:5758,0
DA:5759,0
DA:5760,0
DA:5761,0
DA:5765,0
DA:5768,1
DA:5769,0
DA:5770,0
DA:5776,1
DA:5777,0
DA:5785,0
DA:5787,0
DA:5788,0
DA:5791,0
DA:5793,0
DA:5794,0
DA:5798,0
DA:5799,0
DA:5803,0
DA:5806,0
DA:5807,0
DA:5812,0
DA:5815,1
DA:5818,0
DA:5826,0
DA:5828,0
DA:5829,0
DA:5830,0
DA:5834,0
DA:5835,0
DA:5840,0
DA:5844,0
DA:5848,0
DA:5859,1
DA:5860,0
DA:5865,0
DA:5866,0
DA:5867,0
DA:5868,0
DA:5871,0
DA:5872,0
DA:5873,0
DA:5876,0
DA:5877,0
DA:5883,0
DA:5884,0
DA:5887,0
DA:5889,0
DA:5890,0
DA:5897,0
DA:5898,0
DA:5899,0
DA:5900,0
DA:5902,0
DA:5903,0
DA:5907,0
DA:5910,1
DA:5917,0
DA:5920,0
DA:5921,0
DA:5953,0
DA:5954,0
DA:5958,0
DA:5962,0
DA:5965,0
DA:5968,0
DA:5969,0
DA:5972,0
DA:5973,0
DA:5975,0
DA:5979,0
DA:5980,0
DA:5984,0
DA:5985,0
DA:5990,0
DA:5991,0
DA:5995,0
DA:5996,0
DA:6001,0
DA:6002,0
DA:6006,0
DA:6011,0
DA:6015,0
DA:6018,0
DA:6021,0
DA:6022,0
DA:6026,0
DA:6027,0
DA:6031,0
DA:6032,0
DA:6036,0
DA:6037,0
DA:6038,0
DA:6040,0
DA:6044,1
DA:6045,2
DA:6047,0
DA:6051,0
DA:6053,0
DA:6060,0
DA:6061,0
DA:6075,1
DA:6077,0
[...]
BRDA:2401,136,1,0
BRDA:2404,137,0,0
BRDA:2404,137,1,0
BRDA:2404,138,0,0
BRDA:2404,138,1,0
BRDA:2417,139,0,0
BRDA:2417,139,1,0
BRDA:2418,140,0,0
BRDA:2418,140,1,0
BRDA:2421,141,0,0
BRDA:2421,141,1,0
BRDA:2422,142,0,0
BRDA:2422,142,1,0
BRF:286
BRH:83
end_of_record
TN:
SF:/Users/fviane/projects/tw/library/library-ui/app/scripts/app.js
FN:24,(anonymous_1)
FN:26,(anonymous_2)
FN:166,(anonymous_3)
FN:186,(anonymous_4)
FN:187,(anonymous_5)
FN:193,(anonymous_6)
FN:204,(anonymous_7)
FNF:7
FNH:7
FNDA:62,(anonymous_1)
FNDA:62,(anonymous_2)
FNDA:62,(anonymous_3)
FNDA:62,(anonymous_4)
FNDA:35,(anonymous_5)
FNDA:5,(anonymous_6)
FNDA:2,(anonymous_7)
DA:11,1
DA:25,62
DA:26,62
DA:27,62
DA:30,62
DA:32,62
DA:34,62
DA:55,62
DA:166,62
DA:167,62
DA:168,62
DA:169,62
DA:171,62
DA:172,0
DA:174,0
DA:175,0
DA:176,0
DA:178,0
DA:181,62
DA:183,62
DA:187,62
DA:188,35
DA:190,35
DA:191,5
DA:193,5
DA:194,5
DA:197,5
DA:198,5
DA:200,5
DA:201,5
DA:203,5
DA:205,2
DA:206,1
DA:208,1
DA:210,1
DA:212,1
LF:36
LH:31
BRDA:171,1,0,0
BRDA:171,1,1,62
BRDA:172,2,0,0
BRDA:172,2,1,0
BRDA:181,3,0,62
BRDA:181,3,1,0
BRDA:190,4,0,5
BRDA:190,4,1,30
BRDA:198,5,0,0
BRDA:198,5,1,5
BRDA:200,6,0,5
BRDA:200,6,1,0
BRDA:205,7,0,1
BRDA:205,7,1,1
BRF:14
BRH:8
end_of_record
TN:
SF:/Users/fviane/projects/tw/library/library-ui/app/scripts/config.js
FNF:0
FNH:0
DA:3,1
LF:1
LH:1
BRF:0
BRH:0
end_of_record
TN:
SF:/Users/fviane/projects/tw/library/library-ui/app/scripts/controllers/book.js
FN:11,(anonymous_1)
FN:17,(anonymous_2)
FN:25,(anonymous_3)
FN:29,(anonymous_4)
FN:37,(anonymous_5)
FN:43,(anonymous_6)
FN:47,(anonymous_7)
FN:56,(anonymous_8)
FN:61,(anonymous_9)
FN:77,(anonymous_10)
FN:81,(anonymous_11)
FN:85,(anonymous_12)
FN:92,initializeCopy
FN:100,(anonymous_14)
FN:104,(anonymous_15)
FN:111,handleResolve
FN:116,(anonymous_17)
FN:121,(anonymous_18)
FN:131,(anonymous_19)
FN:150,handleReject
FN:157,(anonymous_21)
FN:167,handleResolve
FN:171,(anonymous_23)
FN:178,(anonymous_24)
FN:188,(anonymous_25)
FN:204,handleReject
FN:210,(anonymous_27)
FN:214,(anonymous_28)
FN:228,(anonymous_29)
FN:234,(anonymous_30)
FN:235,(anonymous_31)
FN:244,getLibrarySlug
FN:248,addCopy
FN:256,(anonymous_34)
FN:262,(anonymous_35)
FN:268,addBook
FN:270,(anonymous_37)
FN:274,(anonymous_38)
FN:280,toggleFormDisplay
FNF:39
FNH:24
FNDA:20,(anonymous_1)
FNDA:21,(anonymous_2)
FNDA:2,(anonymous_3)
FNDA:5,(anonymous_4)
FNDA:1,(anonymous_5)
FNDA:4,(anonymous_6)
FNDA:1,(anonymous_7)
FNDA:5,(anonymous_8)
FNDA:5,(anonymous_9)
FNDA:3,(anonymous_10)
FNDA:2,(anonymous_11)
FNDA:2,(anonymous_12)
FNDA:2,initializeCopy
FNDA:0,(anonymous_14)
FNDA:0,(anonymous_15)
FNDA:0,handleResolve
FNDA:0,(anonymous_17)
FNDA:0,(anonymous_18)
FNDA:0,(anonymous_19)
FNDA:0,handleReject
FNDA:0,(anonymous_21)
FNDA:0,handleResolve
FNDA:0,(anonymous_23)
FNDA:0,(anonymous_24)
FNDA:0,(anonymous_25)
FNDA:0,handleReject
FNDA:1,(anonymous_27)
FNDA:3,(anonymous_28)
FNDA:0,(anonymous_29)
FNDA:2,(anonymous_30)
FNDA:1,(anonymous_31)
FNDA:12,getLibrarySlug
FNDA:4,addCopy
FNDA:2,(anonymous_34)
FNDA:2,(anonymous_35)
FNDA:2,addBook
FNDA:2,(anonymous_37)
FNDA:0,(anonymous_38)
FNDA:3,toggleFormDisplay
DA:3,1
DA:13,20
DA:14,20
DA:15,20
DA:17,20
DA:18,21
DA:19,21
DA:20,21
DA:21,21
DA:23,20
DA:25,20
DA:26,2
DA:29,20
DA:30,5
DA:32,5
DA:34,5
DA:35,4
DA:38,1
DA:43,20
DA:44,4
DA:47,20
DA:48,1
DA:49,1
DA:50,1
DA:51,1
DA:53,1
DA:56,20
DA:57,5
DA:58,5
DA:60,5
DA:62,5
DA:63,4
DA:65,4
DA:66,2
DA:68,2
DA:69,2
DA:72,1
DA:77,20
DA:78,3
DA:80,3
DA:82,2
DA:83,2
DA:85,2
DA:86,2
DA:92,1
DA:93,2
DA:94,1
DA:97,2
DA:100,20
DA:101,0
DA:104,20
DA:106,0
DA:110,0
DA:113,0
DA:114,0
DA:117,0
DA:119,0
DA:120,0
DA:123,0
DA:125,0
DA:127,0
DA:133,0
DA:135,0
DA:137,0
DA:138,0
DA:140,0
DA:141,0
DA:143,0
DA:144,0
DA:147,0
DA:152,0
DA:157,20
DA:158,0
DA:160,0
DA:162,0
DA:166,0
DA:169,0
DA:173,0
DA:175,0
DA:177,0
DA:180,0
DA:182,0
DA:184,0
DA:190,0
DA:192,0
DA:194,0
DA:195,0
DA:197,0
DA:198,0
DA:201,0
DA:205,0
DA:210,20
DA:211,1
DA:214,20
DA:215,3
DA:217,3
DA:218,1
DA:219,1
DA:220,1
DA:221,1
DA:222,1
DA:224,1
DA:226,2
DA:229,0
DA:234,20
DA:235,2
DA:236,1
DA:237,1
DA:240,2
DA:241,2
DA:244,1
DA:245,12
DA:248,1
DA:249,4
DA:250,4
DA:251,4
DA:252,4
DA:253,4
DA:255,4
DA:257,2
DA:259,2
DA:260,2
DA:263,2
DA:264,2
DA:268,1
DA:269,2
DA:271,2
DA:272,2
DA:275,0
DA:276,0
DA:280,1
DA:281,3
DA:282,3
LF:133
LH:90
BRDA:26,1,0,1
BRDA:26,1,1,1
BRDA:34,2,0,4
BRDA:34,2,1,1
BRDA:44,3,0,2
BRDA:44,3,1,2
BRDA:62,4,0,4
BRDA:62,4,1,1
BRDA:65,5,0,2
BRDA:65,5,1,2
BRDA:82,6,0,2
BRDA:82,6,1,0
BRDA:82,7,0,2
BRDA:82,7,1,2
BRDA:93,8,0,1
BRDA:93,8,1,1
BRDA:93,9,0,2
BRDA:93,9,1,1
BRDA:127,10,0,0
BRDA:127,10,1,0
BRDA:135,11,0,0
BRDA:135,11,1,0
BRDA:135,11,2,0
BRDA:184,12,0,0
BRDA:184,12,1,0
BRDA:192,13,0,0
BRDA:192,13,1,0
BRDA:217,14,0,1
BRDA:217,14,1,2
BRF:29
BRH:19
end_of_record
TN:
SF:/Users/fviane/projects/tw/library/library-ui/app/scripts/controllers/library.js
FN:5,(anonymous_1)
FN:8,(anonymous_2)
FN:10,(anonymous_3)
FNF:3
FNH:3
FNDA:3,(anonymous_1)
FNDA:3,(anonymous_2)
FNDA:2,(anonymous_3)
DA:3,1
DA:6,3
DA:8,3
DA:9,3
DA:11,2
DA:15,3
LF:6
LH:6
BRDA:11,1,0,1
BRDA:11,1,1,1
BRF:2
BRH:2
end_of_record
TN:
SF:/Users/fviane/projects/tw/library/library-ui/app/scripts/controllers/modal.js
FN:5,(anonymous_1)
FN:6,(anonymous_2)
FN:12,(anonymous_3)
FN:15,(anonymous_4)
FN:22,(anonymous_5)
FN:25,(anonymous_6)
FNF:6
FNH:6
FNDA:1,(anonymous_1)
FNDA:1,(anonymous_2)
FNDA:2,(anonymous_3)
FNDA:1,(anonymous_4)
FNDA:2,(anonymous_5)
FNDA:1,(anonymous_6)
DA:3,1
DA:5,1
DA:6,1
DA:7,1
DA:12,1
DA:13,2
DA:15,2
DA:16,1
DA:17,1
DA:22,1
DA:23,2
DA:25,2
DA:26,1
DA:28,1
LF:14
LH:14
BRF:0
BRH:0
end_of_record
TN:
SF:/Users/fviane/projects/tw/library/library-ui/app/scripts/controllers/translate.js
FN:5,(anonymous_1)
FN:8,(anonymous_2)
FN:12,(anonymous_3)
FNF:3
FNH:3
FNDA:1,(anonymous_1)
FNDA:1,(anonymous_2)
FNDA:1,(anonymous_3)
DA:3,1
DA:7,1
DA:8,1
DA:9,1
DA:12,1
DA:13,1
DA:14,1
DA:16,1
DA:18,1
LF:9
LH:9
BRF:0
BRH:0
end_of_record
TN:
SF:/Users/fviane/projects/tw/library/library-ui/app/scripts/directives/bn-modals.js
FN:5,(anonymous_1)
FN:6,link
FN:9,handleClickEvent
FN:17,handleModalOpenEvent
FN:21,handleModalCloseEvent
FNF:5
FNH:0
FNDA:0,(anonymous_1)
FNDA:0,link
FNDA:0,handleClickEvent
FNDA:0,handleModalOpenEvent
FNDA:0,handleModalCloseEvent
DA:3,1
DA:6,1
DA:7,0
DA:9,0
DA:10,0
DA:11,0
DA:14,0
DA:17,0
DA:18,0
DA:21,0
DA:22,0
DA:26,0
LF:12
LH:2
BRDA:10,1,0,0
BRDA:10,1,1,0
BRF:2
BRH:0
end_of_record
TN:
SF:/Users/fviane/projects/tw/library/library-ui/app/scripts/services/book.js
FN:5,(anonymous_1)
FN:8,(anonymous_2)
FN:14,(anonymous_3)
FN:21,(anonymous_4)
FN:27,(anonymous_5)
FN:32,(anonymous_6)
FN:41,(anonymous_7)
FN:45,(anonymous_8)
FN:51,(anonymous_9)
FN:57,(anonymous_10)
FN:63,(anonymous_11)
FN:67,buildBook
FN:86,resolveBookImage
FNF:13
FNH:13
FNDA:33,(anonymous_1)
FNDA:3,(anonymous_2)
FNDA:5,(anonymous_3)
FNDA:1,(anonymous_4)
FNDA:4,(anonymous_5)
FNDA:3,(anonymous_6)
FNDA:4,(anonymous_7)
FNDA:3,(anonymous_8)
FNDA:5,(anonymous_9)
FNDA:9,(anonymous_10)
FNDA:1,(anonymous_11)
FNDA:2,buildBook
FNDA:6,resolveBookImage
DA:3,1
DA:6,33
DA:8,33
DA:9,3
DA:11,3
DA:14,33
DA:15,5
DA:17,5
DA:21,33
DA:22,1
DA:24,1
DA:27,33
DA:28,4
DA:30,4
DA:32,4
DA:33,3
DA:34,2
DA:38,4
DA:41,33
DA:42,4
DA:45,33
DA:46,3
DA:48,3
DA:51,33
DA:52,5
DA:54,5
DA:57,33
DA:58,9
DA:60,9
DA:63,33
DA:64,1
DA:67,1
DA:68,2
DA:70,2
DA:71,2
DA:72,0
DA:74,2
DA:75,2
DA:76,2
DA:77,2
DA:78,2
DA:79,2
DA:80,2
DA:81,2
DA:83,2
DA:86,1
DA:87,6
DA:89,6
LF:48
LH:47
BRDA:33,1,0,2
BRDA:33,1,1,1
BRDA:33,2,0,3
BRDA:33,2,1,3
BRDA:71,3,0,0
BRDA:71,3,1,2
BRDA:80,4,0,2
BRDA:80,4,1,0
BRDA:89,5,0,5
BRDA:89,5,1,1
BRDA:89,6,0,6
BRDA:89,6,1,2
BRF:12
BRH:10
end_of_record
TN:
SF:/Users/fviane/projects/tw/library/library-ui/app/scripts/services/library.js
FN:5,(anonymous_1)
FN:7,(anonymous_2)
FNF:2
FNH:2
FNDA:4,(anonymous_1)
FNDA:4,(anonymous_2)
DA:3,1
DA:7,4
DA:8,4
LF:3
LH:3
BRF:0
BRH:0
end_of_record
TN:
SF:/Users/fviane/projects/tw/library/library-ui/app/scripts/services/loan.js
FN:5,(anonymous_1)
FN:8,(anonymous_2)
FN:19,(anonymous_3)
FNF:3
FNH:2
FNDA:21,(anonymous_1)
FNDA:1,(anonymous_2)
FNDA:0,(anonymous_3)
DA:3,1
DA:6,21
DA:8,21
DA:10,1
DA:11,1
DA:12,1
DA:14,1
DA:16,1
DA:19,21
DA:21,0
DA:23,0
DA:25,0
LF:12
LH:9
BRF:0
BRH:0
end_of_record
TN:
SF:/Users/fviane/projects/tw/library/library-ui/app/scripts/services/modal.js
FN:5,(anonymous_1)
FN:12,open
FN:29,params
FN:33,proceedTo
FN:37,reject
FN:48,resolve
FNF:6
FNH:6
FNDA:33,(anonymous_1)
FNDA:5,open
FNDA:8,params
FNDA:1,proceedTo
FNDA:2,reject
FNDA:2,resolve
DA:3,1
DA:6,33
DA:12,1
DA:13,5
DA:15,5
DA:16,5
DA:18,5
DA:19,0
DA:20,5
DA:21,0
DA:24,5
DA:26,5
DA:29,1
DA:30,8
DA:33,1
DA:34,1
DA:37,1
DA:38,2
DA:39,1
DA:42,1
DA:43,1
DA:45,1
DA:48,1
DA:49,2
DA:50,1
DA:53,1
DA:54,1
DA:56,1
DA:60,33
LF:29
LH:27
BRDA:18,1,0,0
BRDA:18,1,1,5
BRDA:18,2,0,5
BRDA:18,2,1,0
BRDA:20,3,0,0
BRDA:20,3,1,5
BRDA:30,4,0,8
BRDA:30,4,1,7
BRDA:38,5,0,1
BRDA:38,5,1,1
BRDA:49,6,0,1
BRDA:49,6,1,1
BRF:12
BRH:9
end_of_record
TN:
SF:/Users/fviane/projects/tw/library/library-ui/test/spec/controllers/book_spec.js
FN:3,(anonymous_1)
FN:8,(anonymous_2)
FN:14,(anonymous_3)
FN:15,(anonymous_4)
FN:25,(anonymous_5)
FN:26,(anonymous_6)
FN:35,(anonymous_7)
FN:75,(anonymous_8)
FN:96,(anonymous_9)
FN:98,(anonymous_10)
FN:146,(anonymous_11)
FN:176,(anonymous_12)
FN:177,(anonymous_13)
FN:181,(anonymous_14)
FN:189,(anonymous_15)
FN:191,(anonymous_16)
FN:198,(anonymous_17)
FN:203,(anonymous_18)
FN:204,(anonymous_19)
FN:216,(anonymous_20)
FN:217,(anonymous_21)
FN:218,(anonymous_22)
FN:222,(anonymous_23)
FN:260,(anonymous_24)
FN:280,(anonymous_25)
FN:298,(anonymous_26)
FN:299,(anonymous_27)
FN:329,(anonymous_28)
FN:333,(anonymous_29)
FN:378,(anonymous_30)
FN:394,(anonymous_31)
FN:409,(anonymous_32)
FN:413,(anonymous_33)
FN:443,(anonymous_34)
FN:457,(anonymous_35)
FN:473,(anonymous_36)
FN:492,(anonymous_37)
FN:493,(anonymous_38)
FNF:38
FNH:38
FNDA:1,(anonymous_1)
FNDA:20,(anonymous_2)
FNDA:1,(anonymous_3)
FNDA:1,(anonymous_4)
FNDA:1,(anonymous_5)
FNDA:1,(anonymous_6)
FNDA:1,(anonymous_7)
FNDA:1,(anonymous_8)
FNDA:1,(anonymous_9)
FNDA:1,(anonymous_10)
FNDA:1,(anonymous_11)
FNDA:1,(anonymous_12)
FNDA:1,(anonymous_13)
FNDA:1,(anonymous_14)
FNDA:1,(anonymous_15)
FNDA:1,(anonymous_16)
FNDA:1,(anonymous_17)
FNDA:1,(anonymous_18)
FNDA:1,(anonymous_19)
FNDA:1,(anonymous_20)
FNDA:1,(anonymous_21)
FNDA:1,(anonymous_22)
FNDA:2,(anonymous_23)
FNDA:1,(anonymous_24)
FNDA:1,(anonymous_25)
FNDA:1,(anonymous_26)
FNDA:1,(anonymous_27)
FNDA:1,(anonymous_28)
FNDA:2,(anonymous_29)
FNDA:1,(anonymous_30)
FNDA:1,(anonymous_31)
FNDA:1,(anonymous_32)
FNDA:3,(anonymous_33)
FNDA:1,(anonymous_34)
FNDA:1,(anonymous_35)
FNDA:1,(anonymous_36)
FNDA:1,(anonymous_37)
FNDA:1,(anonymous_38)
DA:3,1
DA:4,1
DA:6,1
DA:8,1
DA:9,20
DA:10,20
DA:14,1
DA:15,1
DA:16,1
DA:18,1
DA:19,1
DA:20,1
DA:21,1
DA:25,1
DA:26,1
DA:27,1
DA:29,1
DA:31,1
DA:34,1
DA:36,1
DA:38,1
DA:51,1
DA:55,1
DA:58,1
DA:60,1
DA:62,1
DA:63,1
DA:64,1
DA:65,1
DA:67,1
DA:69,1
DA:70,1
DA:74,1
DA:76,1
DA:78,1
DA:82,1
DA:85,1
DA:87,1
DA:89,1
DA:91,1
DA:92,1
DA:96,1
DA:97,1
DA:99,1
DA:101,1
DA:102,1
DA:119,1
DA:123,1
DA:126,1
DA:130,1
DA:132,1
DA:134,1
DA:135,1
DA:136,1
DA:138,1
DA:140,1
DA:141,1
DA:145,1
DA:147,1
DA:149,1
DA:150,1
DA:152,1
DA:156,1
DA:159,1
DA:163,1
DA:165,1
DA:167,1
DA:169,1
DA:170,1
DA:176,1
DA:177,1
DA:178,1
DA:181,1
DA:182,1
DA:183,1
DA:185,1
DA:189,1
DA:190,1
DA:192,1
DA:193,1
DA:195,1
DA:198,1
DA:199,1
DA:203,1
DA:204,1
DA:205,1
DA:207,1
DA:208,1
DA:209,1
DA:210,1
DA:211,1
DA:212,1
DA:216,1
DA:217,1
DA:218,1
DA:219,1
DA:220,1
DA:222,1
DA:223,2
DA:224,2
DA:226,2
DA:227,2
DA:229,2
DA:230,2
DA:231,2
DA:233,2
DA:247,2
DA:249,2
DA:250,2
DA:252,2
DA:256,2
DA:260,1
DA:261,1
DA:263,1
DA:267,1
DA:271,1
DA:273,1
DA:275,1
DA:276,1
DA:277,1
DA:280,1
DA:281,1
DA:285,1
DA:289,1
DA:291,1
DA:293,1
DA:294,1
DA:298,1
DA:299,1
DA:300,1
DA:301,1
DA:302,1
DA:303,1
DA:305,1
DA:306,1
DA:308,1
DA:312,1
DA:315,1
DA:316,1
DA:318,1
DA:320,1
DA:322,1
DA:323,1
DA:324,1
DA:329,1
DA:330,1
DA:331,1
DA:333,1
DA:334,2
DA:335,2
DA:336,2
DA:338,2
DA:339,2
DA:340,2
DA:342,2
DA:356,2
DA:358,2
DA:359,2
DA:368,2
DA:370,2
DA:374,2
DA:378,1
DA:379,1
DA:381,1
DA:385,1
DA:387,1
DA:389,1
DA:390,1
DA:391,1
DA:394,1
DA:395,1
DA:399,1
DA:401,1
DA:403,1
DA:404,1
DA:409,1
DA:410,1
DA:411,1
DA:413,1
DA:414,3
DA:416,3
DA:417,3
DA:419,3
DA:421,3
DA:443,1
DA:444,1
DA:447,1
DA:450,1
DA:452,1
DA:454,1
DA:457,1
DA:458,1
DA:461,1
DA:464,1
DA:466,1
DA:468,1
DA:469,1
DA:470,1
DA:473,1
DA:474,1
DA:476,1
DA:479,1
DA:482,1
DA:484,1
DA:486,1
DA:487,1
DA:488,1
DA:492,1
DA:493,1
DA:494,1
DA:495,1
DA:497,1
DA:499,1
DA:501,1
LF:214
LH:214
BRF:0
BRH:0
end_of_record
TN:
SF:/Users/fviane/projects/tw/library/library-ui/test/spec/controllers/library_spec.js
FN:3,(anonymous_1)
FN:8,(anonymous_2)
FN:13,(anonymous_3)
FN:14,(anonymous_4)
FN:16,(anonymous_5)
FN:24,(anonymous_6)
FN:37,(anonymous_7)
FNF:7
FNH:6
FNDA:1,(anonymous_1)
FNDA:3,(anonymous_2)
FNDA:1,(anonymous_3)
FNDA:1,(anonymous_4)
FNDA:0,(anonymous_5)
FNDA:1,(anonymous_6)
FNDA:1,(anonymous_7)
DA:3,1
DA:4,1
DA:6,1
DA:8,1
DA:9,3
DA:10,3
DA:13,1
DA:14,1
DA:15,1
DA:16,1
DA:19,1
DA:21,1
DA:24,1
DA:25,1
DA:27,1
DA:28,1
DA:30,1
DA:32,1
DA:34,1
DA:37,1
DA:38,1
DA:40,1
DA:41,1
DA:43,1
DA:45,1
DA:47,1
LF:26
LH:26
BRF:0
BRH:0
end_of_record
TN:
SF:/Users/fviane/projects/tw/library/library-ui/test/spec/controllers/modal_spec.js
FN:3,(anonymous_1)
FN:9,(anonymous_2)
FN:16,(anonymous_3)
FN:17,(anonymous_4)
FN:18,(anonymous_5)
FN:30,(anonymous_6)
FN:31,(anonymous_7)
FN:37,(anonymous_8)
FN:38,(anonymous_9)
FN:53,(anonymous_10)
FN:54,(anonymous_11)
FN:60,(anonymous_12)
FN:61,(anonymous_13)
FNF:13
FNH:13
FNDA:1,(anonymous_1)
FNDA:5,(anonymous_2)
FNDA:1,(anonymous_3)
FNDA:1,(anonymous_4)
FNDA:1,(anonymous_5)
FNDA:1,(anonymous_6)
FNDA:1,(anonymous_7)
FNDA:1,(anonymous_8)
FNDA:1,(anonymous_9)
FNDA:1,(anonymous_10)
FNDA:1,(anonymous_11)
FNDA:1,(anonymous_12)
FNDA:1,(anonymous_13)
DA:3,1
DA:5,1
DA:7,1
DA:9,1
DA:10,5
DA:11,5
DA:12,5
DA:16,1
DA:17,1
DA:18,1
DA:19,1
DA:21,1
DA:23,1
DA:25,1
DA:30,1
DA:31,1
DA:32,1
DA:34,1
DA:37,1
DA:38,1
DA:39,1
DA:41,1
DA:42,1
DA:44,1
DA:46,1
DA:48,1
DA:53,1
DA:54,1
DA:55,1
DA:57,1
DA:60,1
DA:61,1
DA:62,1
DA:64,1
DA:66,1
DA:68,1
DA:70,1
LF:37
LH:37
BRF:0
BRH:0
end_of_record
TN:
SF:/Users/fviane/projects/tw/library/library-ui/test/spec/controllers/translate_spec.js
FN:3,(anonymous_1)
FN:8,(anonymous_2)
FN:14,(anonymous_3)
FN:15,(anonymous_4)
FNF:4
FNH:4
FNDA:1,(anonymous_1)
FNDA:1,(anonymous_2)
FNDA:1,(anonymous_3)
FNDA:1,(anonymous_4)
DA:3,1
DA:4,1
DA:6,1
DA:8,1
DA:9,1
DA:10,1
DA:11,1
DA:14,1
DA:15,1
DA:16,1
DA:18,1
DA:20,1
DA:22,1
DA:24,1
DA:25,1
LF:15
LH:15
BRF:0
BRH:0
end_of_record
TN:
SF:/Users/fviane/projects/tw/library/library-ui/test/spec/routes/book_spec.js
FN:3,(anonymous_1)
FN:6,(anonymous_2)
FN:7,(anonymous_3)
FN:14,(anonymous_4)
FN:15,(anonymous_5)
FNF:5
FNH:5
FNDA:1,(anonymous_1)
FNDA:1,(anonymous_2)
FNDA:1,(anonymous_3)
FNDA:1,(anonymous_4)
FNDA:1,(anonymous_5)
DA:3,1
DA:4,1
DA:6,1
DA:7,1
DA:8,1
DA:9,1
DA:10,1
DA:14,1
DA:15,1
DA:16,1
DA:17,1
DA:18,1
LF:12
LH:12
BRF:0
BRH:0
end_of_record
TN:
SF:/Users/fviane/projects/tw/library/library-ui/test/spec/routes/library_spec.js
FN:3,(anonymous_1)
FN:6,(anonymous_2)
FN:13,(anonymous_3)
FNF:3
FNH:3
FNDA:1,(anonymous_1)
FNDA:1,(anonymous_2)
FNDA:1,(anonymous_3)
DA:3,1
DA:4,1
DA:6,1
DA:7,1
DA:9,1
DA:10,1
DA:13,1
DA:14,1
DA:16,1
DA:17,1
LF:10
LH:10
BRF:0
BRH:0
end_of_record
TN:
SF:/Users/fviane/projects/tw/library/library-ui/test/spec/routes/routes_spec.js
FN:4,(anonymous_1)
FN:14,(anonymous_2)
FN:21,(anonymous_3)
FN:24,(anonymous_4)
FN:29,(anonymous_5)
FN:36,(anonymous_6)
FN:44,(anonymous_7)
FN:45,(anonymous_8)
FN:58,(anonymous_9)
FN:63,(anonymous_10)
FN:69,(anonymous_11)
FN:76,(anonymous_12)
FN:88,(anonymous_13)
FN:106,(anonymous_14)
FNF:14
FNH:13
FNDA:1,(anonymous_1)
FNDA:6,(anonymous_2)
FNDA:1,(anonymous_3)
FNDA:2,(anonymous_4)
FNDA:1,(anonymous_5)
FNDA:1,(anonymous_6)
FNDA:1,(anonymous_7)
FNDA:1,(anonymous_8)
FNDA:1,(anonymous_9)
FNDA:3,(anonymous_10)
FNDA:0,(anonymous_11)
FNDA:1,(anonymous_12)
FNDA:1,(anonymous_13)
FNDA:1,(anonymous_14)
DA:4,1
DA:6,1
DA:8,1
DA:9,1
DA:11,1
DA:13,1
DA:15,6
DA:16,6
DA:17,6
DA:18,6
DA:21,1
DA:22,1
DA:24,1
DA:25,2
DA:26,2
DA:29,1
DA:30,1
DA:31,1
DA:33,1
DA:36,1
DA:37,1
DA:38,1
DA:40,1
DA:44,1
DA:45,1
DA:46,1
DA:48,1
DA:49,1
DA:51,1
DA:52,1
DA:54,1
DA:58,1
DA:59,1
DA:61,1
DA:63,1
DA:64,3
DA:65,3
DA:67,3
DA:69,3
DA:70,0
DA:73,3
DA:76,1
DA:77,1
DA:79,1
DA:81,1
DA:83,1
DA:84,1
DA:88,1
DA:89,1
DA:91,1
DA:95,1
DA:99,1
DA:101,1
DA:103,1
DA:106,1
DA:107,1
DA:109,1
DA:113,1
DA:117,1
DA:119,1
DA:121,1
DA:122,1
LF:62
LH:61
BRF:0
BRH:0
end_of_record
TN:
SF:/Users/fviane/projects/tw/library/library-ui/test/spec/services/book_spec.js
FN:3,(anonymous_1)
FN:8,(anonymous_2)
FN:14,(anonymous_3)
FN:15,(anonymous_4)
FN:24,(anonymous_5)
FN:25,(anonymous_6)
FN:34,(anonymous_7)
FN:35,(anonymous_8)
FN:44,(anonymous_9)
FN:47,(anonymous_10)
FN:51,(anonymous_11)
FN:66,(anonymous_12)
FN:87,(anonymous_13)
FN:88,(anonymous_14)
FN:92,(anonymous_15)
FN:96,(anonymous_16)
FN:101,(anonymous_17)
FN:102,(anonymous_18)
FN:113,(anonymous_19)
FN:114,(anonymous_20)
FN:125,(anonymous_21)
FN:126,(anonymous_22)
FN:135,(anonymous_23)
FN:136,(anonymous_24)
FNF:24
FNH:24
FNDA:1,(anonymous_1)
FNDA:13,(anonymous_2)
FNDA:1,(anonymous_3)
FNDA:1,(anonymous_4)
FNDA:1,(anonymous_5)
FNDA:1,(anonymous_6)
FNDA:1,(anonymous_7)
FNDA:1,(anonymous_8)
FNDA:1,(anonymous_9)
FNDA:1,(anonymous_10)
FNDA:1,(anonymous_11)
FNDA:1,(anonymous_12)
FNDA:1,(anonymous_13)
FNDA:1,(anonymous_14)
FNDA:1,(anonymous_15)
FNDA:1,(anonymous_16)
FNDA:1,(anonymous_17)
FNDA:1,(anonymous_18)
FNDA:1,(anonymous_19)
FNDA:1,(anonymous_20)
FNDA:1,(anonymous_21)
FNDA:1,(anonymous_22)
FNDA:1,(anonymous_23)
FNDA:1,(anonymous_24)
DA:3,1
DA:4,1
DA:6,1
DA:8,1
DA:9,13
DA:10,13
DA:11,13
DA:14,1
DA:15,1
DA:16,1
DA:18,1
DA:20,1
DA:24,1
DA:25,1
DA:26,1
DA:28,1
DA:30,1
DA:34,1
DA:35,1
DA:36,1
DA:38,1
DA:40,1
DA:44,1
DA:45,1
DA:47,1
DA:48,1
DA:51,1
DA:52,1
DA:63,1
DA:66,1
DA:67,1
DA:78,1
DA:80,1
DA:81,1
DA:82,1
DA:83,1
DA:87,1
DA:88,1
DA:89,1
DA:92,1
DA:93,1
DA:96,1
DA:97,1
DA:101,1
DA:102,1
DA:103,1
DA:105,1
DA:107,1
DA:109,1
DA:113,1
DA:114,1
DA:115,1
DA:117,1
DA:119,1
DA:121,1
DA:125,1
DA:126,1
DA:127,1
DA:129,1
DA:131,1
DA:135,1
DA:136,1
DA:137,1
DA:139,1
DA:141,1
DA:143,1
LF:66
LH:66
BRF:0
BRH:0
end_of_record
TN:
SF:/Users/fviane/projects/tw/library/library-ui/test/spec/services/library_spec.js
FN:3,(anonymous_1)
FN:7,(anonymous_2)
FN:8,(anonymous_3)
FNF:3
FNH:3
FNDA:1,(anonymous_1)
FNDA:1,(anonymous_2)
FNDA:1,(anonymous_3)
DA:3,1
DA:5,1
DA:7,1
DA:8,1
DA:9,1
DA:11,1
DA:13,1
DA:15,1
LF:8
LH:8
BRF:0
BRH:0
end_of_record
TN:
SF:/Users/fviane/projects/tw/library/library-ui/test/spec/services/loan_spec.js
FN:3,(anonymous_1)
FN:6,(anonymous_2)
FN:7,(anonymous_3)
FNF:3
FNH:3
FNDA:1,(anonymous_1)
FNDA:1,(anonymous_2)
FNDA:1,(anonymous_3)
DA:3,1
DA:4,1
DA:6,1
DA:7,1
DA:8,1
DA:9,1
DA:11,1
DA:16,1
DA:18,1
DA:20,1
LF:10
LH:10
BRF:0
BRH:0
end_of_record
TN:
SF:/Users/fviane/projects/tw/library/library-ui/test/spec/services/modal_spec.js
FN:3,(anonymous_1)
FN:9,(anonymous_2)
FN:15,(anonymous_3)
FN:16,(anonymous_4)
FN:26,(anonymous_5)
FN:27,(anonymous_6)
FN:35,(anonymous_7)
FN:40,(anonymous_8)
FN:41,(anonymous_9)
FN:46,(anonymous_10)
FN:47,(anonymous_11)
FN:57,(anonymous_12)
FN:66,(anonymous_13)
FN:67,(anonymous_14)
FN:77,(anonymous_15)
FNF:15
FNH:15
FNDA:1,(anonymous_1)
FNDA:8,(anonymous_2)
FNDA:1,(anonymous_3)
FNDA:1,(anonymous_4)
FNDA:1,(anonymous_5)
FNDA:1,(anonymous_6)
FNDA:1,(anonymous_7)
FNDA:1,(anonymous_8)
FNDA:1,(anonymous_9)
FNDA:1,(anonymous_10)
FNDA:1,(anonymous_11)
FNDA:1,(anonymous_12)
FNDA:1,(anonymous_13)
FNDA:1,(anonymous_14)
FNDA:1,(anonymous_15)
DA:3,1
DA:5,1
DA:7,1
DA:9,1
DA:10,8
DA:11,8
DA:12,8
DA:15,1
DA:16,1
DA:17,1
DA:19,1
DA:21,1
DA:22,1
DA:26,1
DA:27,1
DA:28,1
DA:30,1
DA:32,1
DA:35,1
DA:36,1
DA:40,1
DA:41,1
DA:42,1
DA:46,1
DA:47,1
DA:48,1
DA:50,1
DA:52,1
DA:54,1
DA:57,1
DA:58,1
DA:60,1
DA:62,1
DA:66,1
DA:67,1
DA:68,1
DA:70,1
DA:72,1
DA:74,1
DA:77,1
DA:78,1
DA:80,1
DA:82,1
LF:43
LH:43
BRF:0
BRH:0
end_of_record
